{"/Users/andelarwanda/Desktop/My Projects/server/src/Test/blogTest.js":{"path":"/Users/andelarwanda/Desktop/My Projects/server/src/Test/blogTest.js","statementMap":{"0":{"start":{"line":3,"column":12},"end":{"line":3,"column":52}},"1":{"start":{"line":4,"column":16},"end":{"line":4,"column":60}},"2":{"start":{"line":5,"column":8},"end":{"line":5,"column":45}},"3":{"start":{"line":6,"column":10},"end":{"line":6,"column":47}},"4":{"start":{"line":7,"column":39},"end":{"line":7,"column":93}},"5":{"start":{"line":8,"column":49},"end":{"line":8,"column":96}},"6":{"start":{"line":8,"column":84},"end":{"line":8,"column":96}},"7":{"start":{"line":8,"column":121},"end":{"line":8,"column":134}},"8":{"start":{"line":8,"column":159},"end":{"line":8,"column":172}},"9":{"start":{"line":8,"column":174},"end":{"line":8,"column":309}},"10":{"start":{"line":8,"column":234},"end":{"line":8,"column":292}},"11":{"start":{"line":9,"column":53},"end":{"line":9,"column":111}},"12":{"start":{"line":9,"column":98},"end":{"line":9,"column":109}},"13":{"start":{"line":9,"column":112},"end":{"line":9,"column":214}},"14":{"start":{"line":9,"column":188},"end":{"line":9,"column":212}},"15":{"start":{"line":9,"column":227},"end":{"line":9,"column":264}},"16":{"start":{"line":9,"column":266},"end":{"line":9,"column":321}},"17":{"start":{"line":9,"column":297},"end":{"line":9,"column":319}},"18":{"start":{"line":9,"column":335},"end":{"line":9,"column":337}},"19":{"start":{"line":9,"column":367},"end":{"line":9,"column":423}},"20":{"start":{"line":9,"column":425},"end":{"line":9,"column":726}},"21":{"start":{"line":9,"column":448},"end":{"line":9,"column":724}},"22":{"start":{"line":9,"column":534},"end":{"line":9,"column":606}},"23":{"start":{"line":9,"column":608},"end":{"line":9,"column":722}},"24":{"start":{"line":9,"column":646},"end":{"line":9,"column":687}},"25":{"start":{"line":9,"column":697},"end":{"line":9,"column":720}},"26":{"start":{"line":9,"column":727},"end":{"line":9,"column":748}},"27":{"start":{"line":9,"column":749},"end":{"line":9,"column":787}},"28":{"start":{"line":9,"column":762},"end":{"line":9,"column":785}},"29":{"start":{"line":9,"column":788},"end":{"line":9,"column":802}},"30":{"start":{"line":10,"column":0},"end":{"line":10,"column":23}},"31":{"start":{"line":11,"column":0},"end":{"line":11,"column":37}},"32":{"start":{"line":14,"column":0},"end":{"line":29,"column":3}},"33":{"start":{"line":15,"column":2},"end":{"line":28,"column":5}},"34":{"start":{"line":16,"column":18},"end":{"line":16,"column":126}},"35":{"start":{"line":17,"column":18},"end":{"line":17,"column":191}},"36":{"start":{"line":18,"column":4},"end":{"line":27,"column":7}},"37":{"start":{"line":19,"column":6},"end":{"line":19,"column":34}},"38":{"start":{"line":20,"column":6},"end":{"line":20,"column":46}},"39":{"start":{"line":21,"column":6},"end":{"line":21,"column":44}},"40":{"start":{"line":22,"column":6},"end":{"line":22,"column":50}},"41":{"start":{"line":23,"column":6},"end":{"line":23,"column":56}},"42":{"start":{"line":24,"column":6},"end":{"line":24,"column":50}},"43":{"start":{"line":25,"column":6},"end":{"line":25,"column":53}},"44":{"start":{"line":26,"column":6},"end":{"line":26,"column":13}},"45":{"start":{"line":32,"column":0},"end":{"line":47,"column":3}},"46":{"start":{"line":33,"column":2},"end":{"line":46,"column":5}},"47":{"start":{"line":34,"column":4},"end":{"line":45,"column":7}},"48":{"start":{"line":35,"column":6},"end":{"line":35,"column":32}},"49":{"start":{"line":35,"column":15},"end":{"line":35,"column":32}},"50":{"start":{"line":36,"column":6},"end":{"line":36,"column":50}},"51":{"start":{"line":37,"column":6},"end":{"line":37,"column":76}},"52":{"start":{"line":38,"column":6},"end":{"line":38,"column":59}},"53":{"start":{"line":39,"column":6},"end":{"line":39,"column":66}},"54":{"start":{"line":40,"column":6},"end":{"line":40,"column":68}},"55":{"start":{"line":41,"column":6},"end":{"line":41,"column":74}},"56":{"start":{"line":42,"column":6},"end":{"line":42,"column":68}},"57":{"start":{"line":43,"column":6},"end":{"line":43,"column":71}},"58":{"start":{"line":44,"column":6},"end":{"line":44,"column":13}},"59":{"start":{"line":51,"column":0},"end":{"line":67,"column":3}},"60":{"start":{"line":52,"column":2},"end":{"line":66,"column":5}},"61":{"start":{"line":53,"column":15},"end":{"line":53,"column":41}},"62":{"start":{"line":54,"column":4},"end":{"line":65,"column":7}},"63":{"start":{"line":55,"column":6},"end":{"line":55,"column":32}},"64":{"start":{"line":55,"column":15},"end":{"line":55,"column":32}},"65":{"start":{"line":56,"column":6},"end":{"line":56,"column":50}},"66":{"start":{"line":57,"column":6},"end":{"line":57,"column":76}},"67":{"start":{"line":58,"column":6},"end":{"line":58,"column":59}},"68":{"start":{"line":59,"column":6},"end":{"line":59,"column":71}},"69":{"start":{"line":60,"column":6},"end":{"line":60,"column":65}},"70":{"start":{"line":61,"column":6},"end":{"line":61,"column":71}},"71":{"start":{"line":62,"column":6},"end":{"line":62,"column":65}},"72":{"start":{"line":63,"column":6},"end":{"line":63,"column":68}},"73":{"start":{"line":64,"column":6},"end":{"line":64,"column":13}},"74":{"start":{"line":88,"column":0},"end":{"line":113,"column":3}},"75":{"start":{"line":89,"column":2},"end":{"line":112,"column":5}},"76":{"start":{"line":90,"column":19},"end":{"line":90,"column":46}},"77":{"start":{"line":91,"column":18},"end":{"line":91,"column":71}},"78":{"start":{"line":92,"column":18},"end":{"line":92,"column":191}},"79":{"start":{"line":93,"column":24},"end":{"line":98,"column":5}},"80":{"start":{"line":99,"column":4},"end":{"line":111,"column":7}},"81":{"start":{"line":100,"column":6},"end":{"line":100,"column":28}},"82":{"start":{"line":101,"column":6},"end":{"line":103,"column":7}},"83":{"start":{"line":102,"column":8},"end":{"line":102,"column":25}},"84":{"start":{"line":110,"column":6},"end":{"line":110,"column":13}}},"fnMap":{"0":{"name":"_interopRequireDefault","decl":{"start":{"line":7,"column":9},"end":{"line":7,"column":31}},"loc":{"start":{"line":7,"column":37},"end":{"line":7,"column":95}},"line":7},"1":{"name":"_getRequireWildcardCache","decl":{"start":{"line":8,"column":9},"end":{"line":8,"column":33}},"loc":{"start":{"line":8,"column":47},"end":{"line":8,"column":311}},"line":8},"2":{"name":"(anonymous_2)","decl":{"start":{"line":8,"column":209},"end":{"line":8,"column":210}},"loc":{"start":{"line":8,"column":232},"end":{"line":8,"column":294}},"line":8},"3":{"name":"_interopRequireWildcard","decl":{"start":{"line":9,"column":9},"end":{"line":9,"column":32}},"loc":{"start":{"line":9,"column":51},"end":{"line":9,"column":804}},"line":9},"4":{"name":"(anonymous_4)","decl":{"start":{"line":14,"column":26},"end":{"line":14,"column":27}},"loc":{"start":{"line":14,"column":32},"end":{"line":29,"column":1}},"line":14},"5":{"name":"(anonymous_5)","decl":{"start":{"line":15,"column":61},"end":{"line":15,"column":62}},"loc":{"start":{"line":15,"column":69},"end":{"line":28,"column":3}},"line":15},"6":{"name":"(anonymous_6)","decl":{"start":{"line":18,"column":269},"end":{"line":18,"column":270}},"loc":{"start":{"line":18,"column":283},"end":{"line":27,"column":5}},"line":18},"7":{"name":"(anonymous_7)","decl":{"start":{"line":32,"column":26},"end":{"line":32,"column":27}},"loc":{"start":{"line":32,"column":32},"end":{"line":47,"column":1}},"line":32},"8":{"name":"(anonymous_8)","decl":{"start":{"line":33,"column":32},"end":{"line":33,"column":33}},"loc":{"start":{"line":33,"column":40},"end":{"line":46,"column":3}},"line":33},"9":{"name":"(anonymous_9)","decl":{"start":{"line":34,"column":65},"end":{"line":34,"column":66}},"loc":{"start":{"line":34,"column":79},"end":{"line":45,"column":5}},"line":34},"10":{"name":"(anonymous_10)","decl":{"start":{"line":51,"column":34},"end":{"line":51,"column":35}},"loc":{"start":{"line":51,"column":40},"end":{"line":67,"column":1}},"line":51},"11":{"name":"(anonymous_11)","decl":{"start":{"line":52,"column":42},"end":{"line":52,"column":43}},"loc":{"start":{"line":52,"column":50},"end":{"line":66,"column":3}},"line":52},"12":{"name":"(anonymous_12)","decl":{"start":{"line":54,"column":73},"end":{"line":54,"column":74}},"loc":{"start":{"line":54,"column":87},"end":{"line":65,"column":5}},"line":54},"13":{"name":"(anonymous_13)","decl":{"start":{"line":88,"column":24},"end":{"line":88,"column":25}},"loc":{"start":{"line":88,"column":30},"end":{"line":113,"column":1}},"line":88},"14":{"name":"(anonymous_14)","decl":{"start":{"line":89,"column":34},"end":{"line":89,"column":35}},"loc":{"start":{"line":89,"column":42},"end":{"line":112,"column":3}},"line":89},"15":{"name":"(anonymous_15)","decl":{"start":{"line":99,"column":117},"end":{"line":99,"column":118}},"loc":{"start":{"line":99,"column":131},"end":{"line":111,"column":5}},"line":99}},"branchMap":{"0":{"loc":{"start":{"line":7,"column":46},"end":{"line":7,"column":92}},"type":"cond-expr","locations":[{"start":{"line":7,"column":70},"end":{"line":7,"column":73}},{"start":{"line":7,"column":76},"end":{"line":7,"column":92}}],"line":7},"1":{"loc":{"start":{"line":7,"column":46},"end":{"line":7,"column":67}},"type":"binary-expr","locations":[{"start":{"line":7,"column":46},"end":{"line":7,"column":49}},{"start":{"line":7,"column":53},"end":{"line":7,"column":67}}],"line":7},"2":{"loc":{"start":{"line":8,"column":49},"end":{"line":8,"column":96}},"type":"if","locations":[{"start":{"line":8,"column":49},"end":{"line":8,"column":96}},{"start":{"line":8,"column":49},"end":{"line":8,"column":96}}],"line":8},"3":{"loc":{"start":{"line":8,"column":241},"end":{"line":8,"column":291}},"type":"cond-expr","locations":[{"start":{"line":8,"column":255},"end":{"line":8,"column":271}},{"start":{"line":8,"column":274},"end":{"line":8,"column":291}}],"line":8},"4":{"loc":{"start":{"line":9,"column":53},"end":{"line":9,"column":111}},"type":"if","locations":[{"start":{"line":9,"column":53},"end":{"line":9,"column":111}},{"start":{"line":9,"column":53},"end":{"line":9,"column":111}}],"line":9},"5":{"loc":{"start":{"line":9,"column":57},"end":{"line":9,"column":94}},"type":"binary-expr","locations":[{"start":{"line":9,"column":57},"end":{"line":9,"column":69}},{"start":{"line":9,"column":73},"end":{"line":9,"column":76}},{"start":{"line":9,"column":80},"end":{"line":9,"column":94}}],"line":9},"6":{"loc":{"start":{"line":9,"column":112},"end":{"line":9,"column":214}},"type":"if","locations":[{"start":{"line":9,"column":112},"end":{"line":9,"column":214}},{"start":{"line":9,"column":112},"end":{"line":9,"column":214}}],"line":9},"7":{"loc":{"start":{"line":9,"column":116},"end":{"line":9,"column":184}},"type":"binary-expr","locations":[{"start":{"line":9,"column":116},"end":{"line":9,"column":128}},{"start":{"line":9,"column":132},"end":{"line":9,"column":155}},{"start":{"line":9,"column":159},"end":{"line":9,"column":184}}],"line":9},"8":{"loc":{"start":{"line":9,"column":266},"end":{"line":9,"column":321}},"type":"if","locations":[{"start":{"line":9,"column":266},"end":{"line":9,"column":321}},{"start":{"line":9,"column":266},"end":{"line":9,"column":321}}],"line":9},"9":{"loc":{"start":{"line":9,"column":270},"end":{"line":9,"column":293}},"type":"binary-expr","locations":[{"start":{"line":9,"column":270},"end":{"line":9,"column":275}},{"start":{"line":9,"column":279},"end":{"line":9,"column":293}}],"line":9},"10":{"loc":{"start":{"line":9,"column":367},"end":{"line":9,"column":423}},"type":"binary-expr","locations":[{"start":{"line":9,"column":367},"end":{"line":9,"column":388}},{"start":{"line":9,"column":392},"end":{"line":9,"column":423}}],"line":9},"11":{"loc":{"start":{"line":9,"column":448},"end":{"line":9,"column":724}},"type":"if","locations":[{"start":{"line":9,"column":448},"end":{"line":9,"column":724}},{"start":{"line":9,"column":448},"end":{"line":9,"column":724}}],"line":9},"12":{"loc":{"start":{"line":9,"column":452},"end":{"line":9,"column":519}},"type":"binary-expr","locations":[{"start":{"line":9,"column":452},"end":{"line":9,"column":469}},{"start":{"line":9,"column":473},"end":{"line":9,"column":519}}],"line":9},"13":{"loc":{"start":{"line":9,"column":534},"end":{"line":9,"column":606}},"type":"cond-expr","locations":[{"start":{"line":9,"column":558},"end":{"line":9,"column":599}},{"start":{"line":9,"column":602},"end":{"line":9,"column":606}}],"line":9},"14":{"loc":{"start":{"line":9,"column":608},"end":{"line":9,"column":722}},"type":"if","locations":[{"start":{"line":9,"column":608},"end":{"line":9,"column":722}},{"start":{"line":9,"column":608},"end":{"line":9,"column":722}}],"line":9},"15":{"loc":{"start":{"line":9,"column":612},"end":{"line":9,"column":642}},"type":"binary-expr","locations":[{"start":{"line":9,"column":612},"end":{"line":9,"column":616}},{"start":{"line":9,"column":621},"end":{"line":9,"column":629}},{"start":{"line":9,"column":633},"end":{"line":9,"column":641}}],"line":9},"16":{"loc":{"start":{"line":9,"column":749},"end":{"line":9,"column":787}},"type":"if","locations":[{"start":{"line":9,"column":749},"end":{"line":9,"column":787}},{"start":{"line":9,"column":749},"end":{"line":9,"column":787}}],"line":9},"17":{"loc":{"start":{"line":35,"column":6},"end":{"line":35,"column":32}},"type":"if","locations":[{"start":{"line":35,"column":6},"end":{"line":35,"column":32}},{"start":{"line":35,"column":6},"end":{"line":35,"column":32}}],"line":35},"18":{"loc":{"start":{"line":55,"column":6},"end":{"line":55,"column":32}},"type":"if","locations":[{"start":{"line":55,"column":6},"end":{"line":55,"column":32}},{"start":{"line":55,"column":6},"end":{"line":55,"column":32}}],"line":55},"19":{"loc":{"start":{"line":101,"column":6},"end":{"line":103,"column":7}},"type":"if","locations":[{"start":{"line":101,"column":6},"end":{"line":103,"column":7}},{"start":{"line":101,"column":6},"end":{"line":103,"column":7}}],"line":101}},"s":{"0":1,"1":1,"2":1,"3":1,"4":3,"5":1,"6":0,"7":1,"8":1,"9":1,"10":1,"11":1,"12":0,"13":1,"14":0,"15":1,"16":1,"17":0,"18":1,"19":1,"20":1,"21":10,"22":10,"23":10,"24":0,"25":10,"26":1,"27":1,"28":1,"29":1,"30":1,"31":1,"32":1,"33":1,"34":1,"35":0,"36":0,"37":0,"38":0,"39":0,"40":0,"41":0,"42":0,"43":0,"44":0,"45":1,"46":1,"47":1,"48":1,"49":0,"50":1,"51":1,"52":1,"53":1,"54":0,"55":0,"56":0,"57":0,"58":0,"59":1,"60":1,"61":1,"62":1,"63":1,"64":0,"65":1,"66":0,"67":0,"68":0,"69":0,"70":0,"71":0,"72":0,"73":0,"74":1,"75":1,"76":1,"77":1,"78":1,"79":1,"80":1,"81":1,"82":1,"83":0,"84":1},"f":{"0":3,"1":1,"2":1,"3":1,"4":1,"5":1,"6":0,"7":1,"8":1,"9":1,"10":1,"11":1,"12":1,"13":1,"14":1,"15":1},"b":{"0":[1,2],"1":[3,3],"2":[0,1],"3":[0,1],"4":[0,1],"5":[1,1,1],"6":[0,1],"7":[1,1,0],"8":[0,1],"9":[1,1],"10":[1,1],"11":[10,0],"12":[10,10],"13":[10,0],"14":[0,10],"15":[10,10,10],"16":[1,0],"17":[0,1],"18":[0,1],"19":[0,1]},"inputSourceMap":{"version":3,"names":["chai","should","use","chaiHttp","describe","it","done","image","fs","readFileSync","token","request","app","post","set","field","attach","end","err","res","have","status","body","property","data","get","expect","to","equal","eql","id","blogId","updatedData","title","description","blogBody","put","send","console","log"],"sourceRoot":"/Users/andelarwanda/Desktop/My Projects/server/src/Test/","sources":["blogTest.js"],"sourcesContent":["import chai from \"chai\";\nimport chaiHttp from \"chai-http\";\nimport { expect } from \"chai\";\nimport app from \"..\";\nimport fs from 'fs'\n\n chai.should();\nchai.use(chaiHttp);\n\n\n// create a blog\ndescribe('create a blog', () => {\n    it('should create a new blog post with all fields filled', (done) => {\n        const image = fs.readFileSync('/Users/andelarwanda/Desktop/My Projects/server/src/images/1673610548664brand.PNG')\n        const token = \"eyJhbGciOiJIUzI1NiIsInR5cCI6IkpXVCJ9.eyJpZCI6IjYzYzc3NTM1MjI3NzExZDE3YWVkMzQxNSIsImlhdCI6MTY3NTA1NzU5MCwiZXhwIjoxNjc1MjMwMzkwfQ.VII3UucDGlL5gBYpf-jK-A8ooGs-3KmQW80jpcM2J2E\"\n       chai. request(app)\n            .post('/api/create')\n            .set('auth_token',`${token}`)\n            .field('title', 'Test Blog')\n            .field('description', 'this is a description of  Blog')\n            .field('blogBody', 'This is a test blog post')\n            .attach('image', image, '1673610548664brand.PNG')\n            .end((err, res) => {\n                res.should.have.status(201);\n                res.body.should.have.property('status')\n                 res.body.should.have.property('data')\n                res.body.data.should.have.property('title');\n                res.body.data.should.have.property('description');\n                res.body.data.should.have.property('image');\n                res.body.data.should.have.property('blogBody');\n                done();\n            });\n    });\n});\n\n// Test get all Posts\ndescribe(\"Get all posts\", () => {\n    it(\"It Should get all Posts\", (done) => {\n      chai\n        .request(app)\n       .get(\"/api/getAllBlogs\")\n        .end((err, res) => {\n            if (err) return done(err);\n            expect(res.status).to.equal(200);\n            expect(res.body).to.have.property('status').eql('success');\n            expect(res.body).to.have.property('data');\n            expect(res.body.data[0]).to.have.property('_id');\n            expect(res.body.data[0]).to.have.property('title');\n            expect(res.body.data[0]).to.have.property('description');\n            expect(res.body.data[0]).to.have.property('image');\n            expect(res.body.data[0]).to.have.property('blogBody');\n          done();\n        })\n       \n    });\n  });\n\n   //test get single post\n\n   describe(\"get single blog by id\", () => {\n    it(\"It should get a single blog by id\" , (done) => {\n        const id = \"63ccc001c957fcaf27ce95a4\"\n        chai.request(app)\n        .get(`/api/getSingleBlog/${id}`)\n        .end((err,res)=>{\n            if (err) return done(err);\n            expect(res.status).to.equal(200);\n            expect(res.body).to.have.property('status').eql('success');\n            expect(res.body).to.have.property('data');\n            expect(res.body.data).to.have.property('_id').eql(id);\n            expect(res.body.data).to.have.property('title');\n            expect(res.body.data).to.have.property('description');\n            expect(res.body.data).to.have.property('image');\n            expect(res.body.data).to.have.property('blogBody');\n\n\n\n          \n            done();\n        });\n    });\n});\n\n// delete blog test\n\n// it('it should delete a blog', (done) => {\n\n//     const id = '63cf6ba911be64832fa6b83c';\n//     const token = \"eyJhbGciOiJIUzI1NiIsInR5cCI6IkpXVCJ9.eyJpZCI6IjYzYzc3NTM1MjI3NzExZDE3YWVkMzQxNSIsImlhdCI6MTY3NTA1NzU5MCwiZXhwIjoxNjc1MjMwMzkwfQ.VII3UucDGlL5gBYpf-jK-A8ooGs-3KmQW80jpcM2J2E\"\n\n\n\n\n//       chai.request(app)\n//       .delete(`/api/deleteBlog/${id}`)\n//       .set('auth_token',`${token}`)\n//       .end((error, res) => {\n//         console.log(res.body)\n//         chai.expect(res).to.have.status(200);\n//         done();\n//       });\n//   });\n        \n   \n\n// update a blog\n\ndescribe('Update Blog', () => {\n    it('should update a blog post', (done) => {\n        const blogId = '663cd178070cde012ca43ba6f';\n        const image = 'http://localhost:5000/images/1673610548664brand.PNG';\n\n        const token = \"eyJhbGciOiJIUzI1NiIsInR5cCI6IkpXVCJ9.eyJpZCI6IjYzYzc3NTM1MjI3NzExZDE3YWVkMzQxNSIsImlhdCI6MTY3NTA1NzU5MCwiZXhwIjoxNjc1MjMwMzkwfQ.VII3UucDGlL5gBYpf-jK-A8ooGs-3KmQW80jpcM2J2E\";\n\n        const updatedData = {\n            title: 'Updated Blog Title',\n            description: 'This is an updated blog post',\n            image: image,\n            blogBody: 'This is my blog'\n        };\n\n        chai.request(app)\n            .put(`/api/updatePost/${blogId}`)\n            .set('auth_token', token)\n            .send(updatedData)\n            .end((err, res) => {\n                console.log(res.body)\n                if (err) {\n                    console.log(err);\n                  }\n                // res.should.have.status(200);\n                // res.body.should.have.property('status').eql('success');\n                // res.body.should.have.property('title', updatedData.title);\n                // res.body.should.have.property('description', updatedData.description);\n                // res.body.should.have.property('image', updatedData.image);\n                // res.body.should.have.property('blogBody', updatedData.blogBody);\n                done();\n            });\n    });\n});\n\n\n  "],"mappings":";;AAAA;AACA;AAEA;AACA;AAAmB;AAAA;AAAA;AAElBA,aAAI,CAACC,MAAM,EAAE;AACdD,aAAI,CAACE,GAAG,CAACC,iBAAQ,CAAC;;AAGlB;AACAC,QAAQ,CAAC,eAAe,EAAE,MAAM;EAC5BC,EAAE,CAAC,sDAAsD,EAAGC,IAAI,IAAK;IACjE,MAAMC,KAAK,GAAGC,WAAE,CAACC,YAAY,CAAC,kFAAkF,CAAC;IACjH,MAAMC,KAAK,GAAG,6KAA6K;IAC5LV,aAAI,CAAEW,OAAO,CAACC,SAAG,CAAC,CACZC,IAAI,CAAC,aAAa,CAAC,CACnBC,GAAG,CAAC,YAAY,EAAE,GAAEJ,KAAM,EAAC,CAAC,CAC5BK,KAAK,CAAC,OAAO,EAAE,WAAW,CAAC,CAC3BA,KAAK,CAAC,aAAa,EAAE,gCAAgC,CAAC,CACtDA,KAAK,CAAC,UAAU,EAAE,0BAA0B,CAAC,CAC7CC,MAAM,CAAC,OAAO,EAAET,KAAK,EAAE,wBAAwB,CAAC,CAChDU,GAAG,CAAC,CAACC,GAAG,EAAEC,GAAG,KAAK;MACfA,GAAG,CAAClB,MAAM,CAACmB,IAAI,CAACC,MAAM,CAAC,GAAG,CAAC;MAC3BF,GAAG,CAACG,IAAI,CAACrB,MAAM,CAACmB,IAAI,CAACG,QAAQ,CAAC,QAAQ,CAAC;MACtCJ,GAAG,CAACG,IAAI,CAACrB,MAAM,CAACmB,IAAI,CAACG,QAAQ,CAAC,MAAM,CAAC;MACtCJ,GAAG,CAACG,IAAI,CAACE,IAAI,CAACvB,MAAM,CAACmB,IAAI,CAACG,QAAQ,CAAC,OAAO,CAAC;MAC3CJ,GAAG,CAACG,IAAI,CAACE,IAAI,CAACvB,MAAM,CAACmB,IAAI,CAACG,QAAQ,CAAC,aAAa,CAAC;MACjDJ,GAAG,CAACG,IAAI,CAACE,IAAI,CAACvB,MAAM,CAACmB,IAAI,CAACG,QAAQ,CAAC,OAAO,CAAC;MAC3CJ,GAAG,CAACG,IAAI,CAACE,IAAI,CAACvB,MAAM,CAACmB,IAAI,CAACG,QAAQ,CAAC,UAAU,CAAC;MAC9CjB,IAAI,EAAE;IACV,CAAC,CAAC;EACV,CAAC,CAAC;AACN,CAAC,CAAC;;AAEF;AACAF,QAAQ,CAAC,eAAe,EAAE,MAAM;EAC5BC,EAAE,CAAC,yBAAyB,EAAGC,IAAI,IAAK;IACtCN,aAAI,CACDW,OAAO,CAACC,SAAG,CAAC,CACba,GAAG,CAAC,kBAAkB,CAAC,CACtBR,GAAG,CAAC,CAACC,GAAG,EAAEC,GAAG,KAAK;MACf,IAAID,GAAG,EAAE,OAAOZ,IAAI,CAACY,GAAG,CAAC;MACzB,IAAAQ,YAAM,EAACP,GAAG,CAACE,MAAM,CAAC,CAACM,EAAE,CAACC,KAAK,CAAC,GAAG,CAAC;MAChC,IAAAF,YAAM,EAACP,GAAG,CAACG,IAAI,CAAC,CAACK,EAAE,CAACP,IAAI,CAACG,QAAQ,CAAC,QAAQ,CAAC,CAACM,GAAG,CAAC,SAAS,CAAC;MAC1D,IAAAH,YAAM,EAACP,GAAG,CAACG,IAAI,CAAC,CAACK,EAAE,CAACP,IAAI,CAACG,QAAQ,CAAC,MAAM,CAAC;MACzC,IAAAG,YAAM,EAACP,GAAG,CAACG,IAAI,CAACE,IAAI,CAAC,CAAC,CAAC,CAAC,CAACG,EAAE,CAACP,IAAI,CAACG,QAAQ,CAAC,KAAK,CAAC;MAChD,IAAAG,YAAM,EAACP,GAAG,CAACG,IAAI,CAACE,IAAI,CAAC,CAAC,CAAC,CAAC,CAACG,EAAE,CAACP,IAAI,CAACG,QAAQ,CAAC,OAAO,CAAC;MAClD,IAAAG,YAAM,EAACP,GAAG,CAACG,IAAI,CAACE,IAAI,CAAC,CAAC,CAAC,CAAC,CAACG,EAAE,CAACP,IAAI,CAACG,QAAQ,CAAC,aAAa,CAAC;MACxD,IAAAG,YAAM,EAACP,GAAG,CAACG,IAAI,CAACE,IAAI,CAAC,CAAC,CAAC,CAAC,CAACG,EAAE,CAACP,IAAI,CAACG,QAAQ,CAAC,OAAO,CAAC;MAClD,IAAAG,YAAM,EAACP,GAAG,CAACG,IAAI,CAACE,IAAI,CAAC,CAAC,CAAC,CAAC,CAACG,EAAE,CAACP,IAAI,CAACG,QAAQ,CAAC,UAAU,CAAC;MACvDjB,IAAI,EAAE;IACR,CAAC,CAAC;EAEN,CAAC,CAAC;AACJ,CAAC,CAAC;;AAED;;AAEAF,QAAQ,CAAC,uBAAuB,EAAE,MAAM;EACvCC,EAAE,CAAC,mCAAmC,EAAIC,IAAI,IAAK;IAC/C,MAAMwB,EAAE,GAAG,0BAA0B;IACrC9B,aAAI,CAACW,OAAO,CAACC,SAAG,CAAC,CAChBa,GAAG,CAAE,sBAAqBK,EAAG,EAAC,CAAC,CAC/Bb,GAAG,CAAC,CAACC,GAAG,EAACC,GAAG,KAAG;MACZ,IAAID,GAAG,EAAE,OAAOZ,IAAI,CAACY,GAAG,CAAC;MACzB,IAAAQ,YAAM,EAACP,GAAG,CAACE,MAAM,CAAC,CAACM,EAAE,CAACC,KAAK,CAAC,GAAG,CAAC;MAChC,IAAAF,YAAM,EAACP,GAAG,CAACG,IAAI,CAAC,CAACK,EAAE,CAACP,IAAI,CAACG,QAAQ,CAAC,QAAQ,CAAC,CAACM,GAAG,CAAC,SAAS,CAAC;MAC1D,IAAAH,YAAM,EAACP,GAAG,CAACG,IAAI,CAAC,CAACK,EAAE,CAACP,IAAI,CAACG,QAAQ,CAAC,MAAM,CAAC;MACzC,IAAAG,YAAM,EAACP,GAAG,CAACG,IAAI,CAACE,IAAI,CAAC,CAACG,EAAE,CAACP,IAAI,CAACG,QAAQ,CAAC,KAAK,CAAC,CAACM,GAAG,CAACC,EAAE,CAAC;MACrD,IAAAJ,YAAM,EAACP,GAAG,CAACG,IAAI,CAACE,IAAI,CAAC,CAACG,EAAE,CAACP,IAAI,CAACG,QAAQ,CAAC,OAAO,CAAC;MAC/C,IAAAG,YAAM,EAACP,GAAG,CAACG,IAAI,CAACE,IAAI,CAAC,CAACG,EAAE,CAACP,IAAI,CAACG,QAAQ,CAAC,aAAa,CAAC;MACrD,IAAAG,YAAM,EAACP,GAAG,CAACG,IAAI,CAACE,IAAI,CAAC,CAACG,EAAE,CAACP,IAAI,CAACG,QAAQ,CAAC,OAAO,CAAC;MAC/C,IAAAG,YAAM,EAACP,GAAG,CAACG,IAAI,CAACE,IAAI,CAAC,CAACG,EAAE,CAACP,IAAI,CAACG,QAAQ,CAAC,UAAU,CAAC;MAKlDjB,IAAI,EAAE;IACV,CAAC,CAAC;EACN,CAAC,CAAC;AACN,CAAC,CAAC;;AAEF;;AAEA;;AAEA;AACA;;AAKA;AACA;AACA;AACA;AACA;AACA;AACA;AACA;AACA;;AAIA;;AAEAF,QAAQ,CAAC,aAAa,EAAE,MAAM;EAC1BC,EAAE,CAAC,2BAA2B,EAAGC,IAAI,IAAK;IACtC,MAAMyB,MAAM,GAAG,2BAA2B;IAC1C,MAAMxB,KAAK,GAAG,qDAAqD;IAEnE,MAAMG,KAAK,GAAG,6KAA6K;IAE3L,MAAMsB,WAAW,GAAG;MAChBC,KAAK,EAAE,oBAAoB;MAC3BC,WAAW,EAAE,8BAA8B;MAC3C3B,KAAK,EAAEA,KAAK;MACZ4B,QAAQ,EAAE;IACd,CAAC;IAEDnC,aAAI,CAACW,OAAO,CAACC,SAAG,CAAC,CACZwB,GAAG,CAAE,mBAAkBL,MAAO,EAAC,CAAC,CAChCjB,GAAG,CAAC,YAAY,EAAEJ,KAAK,CAAC,CACxB2B,IAAI,CAACL,WAAW,CAAC,CACjBf,GAAG,CAAC,CAACC,GAAG,EAAEC,GAAG,KAAK;MACfmB,OAAO,CAACC,GAAG,CAACpB,GAAG,CAACG,IAAI,CAAC;MACrB,IAAIJ,GAAG,EAAE;QACLoB,OAAO,CAACC,GAAG,CAACrB,GAAG,CAAC;MAClB;MACF;MACA;MACA;MACA;MACA;MACA;MACAZ,IAAI,EAAE;IACV,CAAC,CAAC;EACV,CAAC,CAAC;AACN,CAAC,CAAC"},"_coverageSchema":"1a1c01bbd47fc00a2c39e90264f33305004495a9","hash":"4d6b705b98f3a3ae0a39d6d9a75025cfdde9e7fc","contentHash":"97bd90cc7f4a7fa3e25a552064df3d02c640420e9eb99d9aa2c511eb4d80890d"},"/Users/andelarwanda/Desktop/My Projects/server/src/index.js":{"path":"/Users/andelarwanda/Desktop/My Projects/server/src/index.js","statementMap":{"0":{"start":{"line":3,"column":0},"end":{"line":5,"column":3}},"1":{"start":{"line":6,"column":0},"end":{"line":6,"column":25}},"2":{"start":{"line":7,"column":15},"end":{"line":7,"column":57}},"3":{"start":{"line":8,"column":13},"end":{"line":8,"column":64}},"4":{"start":{"line":9,"column":12},"end":{"line":9,"column":51}},"5":{"start":{"line":10,"column":14},"end":{"line":10,"column":55}},"6":{"start":{"line":11,"column":18},"end":{"line":11,"column":64}},"7":{"start":{"line":12,"column":22},"end":{"line":12,"column":81}},"8":{"start":{"line":13,"column":24},"end":{"line":13,"column":77}},"9":{"start":{"line":14,"column":20},"end":{"line":14,"column":76}},"10":{"start":{"line":15,"column":17},"end":{"line":15,"column":70}},"11":{"start":{"line":16,"column":17},"end":{"line":16,"column":70}},"12":{"start":{"line":17,"column":39},"end":{"line":17,"column":93}},"13":{"start":{"line":18,"column":12},"end":{"line":18,"column":35}},"14":{"start":{"line":19,"column":0},"end":{"line":19,"column":30}},"15":{"start":{"line":20,"column":0},"end":{"line":22,"column":4}},"16":{"start":{"line":23,"column":0},"end":{"line":25,"column":4}},"17":{"start":{"line":26,"column":0},"end":{"line":29,"column":4}},"18":{"start":{"line":30,"column":0},"end":{"line":34,"column":4}},"19":{"start":{"line":35,"column":0},"end":{"line":35,"column":25}},"20":{"start":{"line":36,"column":13},"end":{"line":36,"column":37}},"21":{"start":{"line":37,"column":0},"end":{"line":37,"column":22}},"22":{"start":{"line":38,"column":0},"end":{"line":40,"column":3}},"23":{"start":{"line":39,"column":2},"end":{"line":39,"column":51}},"24":{"start":{"line":41,"column":0},"end":{"line":41,"column":60}},"25":{"start":{"line":42,"column":0},"end":{"line":42,"column":85}},"26":{"start":{"line":43,"column":0},"end":{"line":43,"column":39}},"27":{"start":{"line":44,"column":0},"end":{"line":44,"column":36}},"28":{"start":{"line":45,"column":0},"end":{"line":45,"column":54}},"29":{"start":{"line":46,"column":0},"end":{"line":46,"column":36}},"30":{"start":{"line":47,"column":15},"end":{"line":47,"column":18}},"31":{"start":{"line":48,"column":0},"end":{"line":48,"column":27}}},"fnMap":{"0":{"name":"_interopRequireDefault","decl":{"start":{"line":17,"column":9},"end":{"line":17,"column":31}},"loc":{"start":{"line":17,"column":37},"end":{"line":17,"column":95}},"line":17},"1":{"name":"(anonymous_1)","decl":{"start":{"line":38,"column":17},"end":{"line":38,"column":18}},"loc":{"start":{"line":38,"column":23},"end":{"line":40,"column":1}},"line":38}},"branchMap":{"0":{"loc":{"start":{"line":17,"column":46},"end":{"line":17,"column":92}},"type":"cond-expr","locations":[{"start":{"line":17,"column":70},"end":{"line":17,"column":73}},{"start":{"line":17,"column":76},"end":{"line":17,"column":92}}],"line":17},"1":{"loc":{"start":{"line":17,"column":46},"end":{"line":17,"column":67}},"type":"binary-expr","locations":[{"start":{"line":17,"column":46},"end":{"line":17,"column":49}},{"start":{"line":17,"column":53},"end":{"line":17,"column":67}}],"line":17},"2":{"loc":{"start":{"line":36,"column":13},"end":{"line":36,"column":37}},"type":"binary-expr","locations":[{"start":{"line":36,"column":13},"end":{"line":36,"column":29}},{"start":{"line":36,"column":33},"end":{"line":36,"column":37}}],"line":36}},"s":{"0":1,"1":1,"2":1,"3":1,"4":1,"5":1,"6":1,"7":1,"8":1,"9":1,"10":1,"11":1,"12":10,"13":1,"14":1,"15":1,"16":1,"17":1,"18":1,"19":1,"20":1,"21":1,"22":1,"23":1,"24":1,"25":1,"26":1,"27":1,"28":1,"29":1,"30":1,"31":1},"f":{"0":10,"1":1},"b":{"0":[5,5],"1":[10,10],"2":[1,0]},"inputSourceMap":{"version":3,"names":["app","express","use","cors","bodyParser","json","limit","urlencoded","extended","parameterLimit","dotenv","config","port","process","env","PORT","dbConn","listen","console","log","swaggerDoc","serve","setup","swaggerDocumentations","messageRoute","blogRoute","static","userRoute"],"sourceRoot":"/Users/andelarwanda/Desktop/My Projects/server/src/","sources":["index.js"],"sourcesContent":["import express from \"express\";\nimport dbConn from \"./database/dBase\";\nimport cors from \"cors\";\nimport dotenv from \"dotenv\";\nimport bodyParser from \"body-parser\";\nimport swaggerDocumentations from \"./helpers/documentations\";\nimport swaggerDoc from \"swagger-ui-express\";\nimport messageRoute from \"./Routes/messageRoute\";\nimport blogRoute from \"./Routes/blogRoute\";\nimport userRoute from \"./Routes/userRoute\";\n\n\n            \nconst app = express();\n\napp.use(cors());\napp.use(bodyParser.json({limit: \"100mb\"}));\napp.use(bodyParser.urlencoded({extended: false}));\napp.use(express.json({limit: \"100mb\", extended: true}))\napp.use(express.urlencoded({limit: \"100mb\", extended: true, parameterLimit: 50000}))\ndotenv.config();\n\nconst port=process.env.PORT || 5000;\ndbConn();\n\n\napp.listen(port ,()=>{\n    console.log(\"The app is listening on : \" +port)\n})\n\napp.use(\"/documentations\" ,swaggerDoc.serve)\napp.use(\"/documentations\" ,swaggerDoc.setup(swaggerDocumentations))\n\napp.use(\"/api\", messageRoute);\napp.use(\"/api\" , blogRoute);\napp.use(\"/images\", express.static(\"images\"));\napp.use('/api', userRoute )\n\nexport default app\n\n\n\n\n\n\n\n\n\n\n\n\n\n\n\n\n\n"],"mappings":";;;;;;AAAA;AACA;AACA;AACA;AACA;AACA;AACA;AACA;AACA;AACA;AAA2C;AAI3C,MAAMA,GAAG,GAAG,IAAAC,gBAAO,GAAE;AAErBD,GAAG,CAACE,GAAG,CAAC,IAAAC,aAAI,GAAE,CAAC;AACfH,GAAG,CAACE,GAAG,CAACE,mBAAU,CAACC,IAAI,CAAC;EAACC,KAAK,EAAE;AAAO,CAAC,CAAC,CAAC;AAC1CN,GAAG,CAACE,GAAG,CAACE,mBAAU,CAACG,UAAU,CAAC;EAACC,QAAQ,EAAE;AAAK,CAAC,CAAC,CAAC;AACjDR,GAAG,CAACE,GAAG,CAACD,gBAAO,CAACI,IAAI,CAAC;EAACC,KAAK,EAAE,OAAO;EAAEE,QAAQ,EAAE;AAAI,CAAC,CAAC,CAAC;AACvDR,GAAG,CAACE,GAAG,CAACD,gBAAO,CAACM,UAAU,CAAC;EAACD,KAAK,EAAE,OAAO;EAAEE,QAAQ,EAAE,IAAI;EAAEC,cAAc,EAAE;AAAK,CAAC,CAAC,CAAC;AACpFC,eAAM,CAACC,MAAM,EAAE;AAEf,MAAMC,IAAI,GAACC,OAAO,CAACC,GAAG,CAACC,IAAI,IAAI,IAAI;AACnC,IAAAC,cAAM,GAAE;AAGRhB,GAAG,CAACiB,MAAM,CAACL,IAAI,EAAE,MAAI;EACjBM,OAAO,CAACC,GAAG,CAAC,4BAA4B,GAAEP,IAAI,CAAC;AACnD,CAAC,CAAC;AAEFZ,GAAG,CAACE,GAAG,CAAC,iBAAiB,EAAEkB,yBAAU,CAACC,KAAK,CAAC;AAC5CrB,GAAG,CAACE,GAAG,CAAC,iBAAiB,EAAEkB,yBAAU,CAACE,KAAK,CAACC,uBAAqB,CAAC,CAAC;AAEnEvB,GAAG,CAACE,GAAG,CAAC,MAAM,EAAEsB,qBAAY,CAAC;AAC7BxB,GAAG,CAACE,GAAG,CAAC,MAAM,EAAGuB,kBAAS,CAAC;AAC3BzB,GAAG,CAACE,GAAG,CAAC,SAAS,EAAED,gBAAO,CAACyB,MAAM,CAAC,QAAQ,CAAC,CAAC;AAC5C1B,GAAG,CAACE,GAAG,CAAC,MAAM,EAAEyB,kBAAS,CAAE;AAAA,eAEZ3B,GAAG;AAAA"},"_coverageSchema":"1a1c01bbd47fc00a2c39e90264f33305004495a9","hash":"591ab3a128abd47feeea31b1c43721f44096accc","contentHash":"87afc65b8fbb232ff1d7a3ee578e76f6ee9c9a99d10bb22230d832fd2c25fe5d"},"/Users/andelarwanda/Desktop/My Projects/server/src/database/dBase.js":{"path":"/Users/andelarwanda/Desktop/My Projects/server/src/database/dBase.js","statementMap":{"0":{"start":{"line":3,"column":0},"end":{"line":5,"column":3}},"1":{"start":{"line":6,"column":0},"end":{"line":6,"column":25}},"2":{"start":{"line":7,"column":16},"end":{"line":7,"column":59}},"3":{"start":{"line":8,"column":39},"end":{"line":8,"column":93}},"4":{"start":{"line":9,"column":15},"end":{"line":19,"column":1}},"5":{"start":{"line":10,"column":2},"end":{"line":18,"column":3}},"6":{"start":{"line":11,"column":4},"end":{"line":14,"column":7}},"7":{"start":{"line":15,"column":4},"end":{"line":15,"column":38}},"8":{"start":{"line":17,"column":4},"end":{"line":17,"column":29}},"9":{"start":{"line":20,"column":15},"end":{"line":20,"column":21}},"10":{"start":{"line":21,"column":0},"end":{"line":21,"column":27}}},"fnMap":{"0":{"name":"_interopRequireDefault","decl":{"start":{"line":8,"column":9},"end":{"line":8,"column":31}},"loc":{"start":{"line":8,"column":37},"end":{"line":8,"column":95}},"line":8},"1":{"name":"(anonymous_1)","decl":{"start":{"line":9,"column":15},"end":{"line":9,"column":16}},"loc":{"start":{"line":9,"column":27},"end":{"line":19,"column":1}},"line":9}},"branchMap":{"0":{"loc":{"start":{"line":8,"column":46},"end":{"line":8,"column":92}},"type":"cond-expr","locations":[{"start":{"line":8,"column":70},"end":{"line":8,"column":73}},{"start":{"line":8,"column":76},"end":{"line":8,"column":92}}],"line":8},"1":{"loc":{"start":{"line":8,"column":46},"end":{"line":8,"column":67}},"type":"binary-expr","locations":[{"start":{"line":8,"column":46},"end":{"line":8,"column":49}},{"start":{"line":8,"column":53},"end":{"line":8,"column":67}}],"line":8}},"s":{"0":1,"1":1,"2":1,"3":1,"4":1,"5":1,"6":1,"7":1,"8":0,"9":1,"10":1},"f":{"0":1,"1":1},"b":{"0":[0,1],"1":[1,1]},"inputSourceMap":{"version":3,"names":["dbConn","mongoose","connect","process","env","MONGODB_URL","useNewUrlParser","useUnifiedTopology","console","log","err","message"],"sourceRoot":"/Users/andelarwanda/Desktop/My Projects/server/src/database/","sources":["dBase.js"],"sourcesContent":["import mongoose from \"mongoose\";\r\nconst dbConn=async () => {\r\n\r\n    try{\r\n        await mongoose.connect(process.env.MONGODB_URL,{\r\n            useNewUrlParser: true,\r\n            useUnifiedTopology: true,\r\n        });\r\n        console.log('database connected')\r\n\r\n    }catch(err){\r\n        console.log(err.message)\r\n    }\r\n}\r\n\r\nexport default dbConn;"],"mappings":";;;;;;AAAA;AAAgC;AAChC,MAAMA,MAAM,GAAC,YAAY;EAErB,IAAG;IACC,MAAMC,iBAAQ,CAACC,OAAO,CAACC,OAAO,CAACC,GAAG,CAACC,WAAW,EAAC;MAC3CC,eAAe,EAAE,IAAI;MACrBC,kBAAkB,EAAE;IACxB,CAAC,CAAC;IACFC,OAAO,CAACC,GAAG,CAAC,oBAAoB,CAAC;EAErC,CAAC,QAAMC,GAAG,EAAC;IACPF,OAAO,CAACC,GAAG,CAACC,GAAG,CAACC,OAAO,CAAC;EAC5B;AACJ,CAAC;AAAA,eAEcX,MAAM;AAAA"},"_coverageSchema":"1a1c01bbd47fc00a2c39e90264f33305004495a9","hash":"2555ed73d90f272ca017c6dac575c5527dfbee5f","contentHash":"4f5041fd9037b1e6452102047235f85f03ac38b4f7a6e49e38163aeb2effb39a"},"/Users/andelarwanda/Desktop/My Projects/server/src/helpers/documentations.js":{"path":"/Users/andelarwanda/Desktop/My Projects/server/src/helpers/documentations.js","statementMap":{"0":{"start":{"line":3,"column":0},"end":{"line":5,"column":3}},"1":{"start":{"line":6,"column":0},"end":{"line":6,"column":25}},"2":{"start":{"line":7,"column":12},"end":{"line":7,"column":65}},"3":{"start":{"line":8,"column":15},"end":{"line":8,"column":71}},"4":{"start":{"line":9,"column":12},"end":{"line":9,"column":65}},"5":{"start":{"line":10,"column":39},"end":{"line":10,"column":93}},"6":{"start":{"line":11,"column":54},"end":{"line":11,"column":73}},"7":{"start":{"line":11,"column":75},"end":{"line":11,"column":326}},"8":{"start":{"line":11,"column":125},"end":{"line":11,"column":161}},"9":{"start":{"line":11,"column":163},"end":{"line":11,"column":324}},"10":{"start":{"line":11,"column":224},"end":{"line":11,"column":287}},"11":{"start":{"line":11,"column":327},"end":{"line":11,"column":339}},"12":{"start":{"line":12,"column":33},"end":{"line":12,"column":489}},"13":{"start":{"line":12,"column":46},"end":{"line":12,"column":47}},"14":{"start":{"line":12,"column":91},"end":{"line":12,"column":131}},"15":{"start":{"line":12,"column":133},"end":{"line":12,"column":487}},"16":{"start":{"line":12,"column":194},"end":{"line":12,"column":236}},"17":{"start":{"line":12,"column":402},"end":{"line":12,"column":483}},"18":{"start":{"line":12,"column":490},"end":{"line":12,"column":504}},"19":{"start":{"line":13,"column":44},"end":{"line":13,"column":70}},"20":{"start":{"line":13,"column":71},"end":{"line":13,"column":222}},"21":{"start":{"line":13,"column":89},"end":{"line":13,"column":193}},"22":{"start":{"line":13,"column":203},"end":{"line":13,"column":220}},"23":{"start":{"line":13,"column":223},"end":{"line":13,"column":234}},"24":{"start":{"line":14,"column":41},"end":{"line":14,"column":68}},"25":{"start":{"line":14,"column":70},"end":{"line":14,"column":121}},"26":{"start":{"line":15,"column":37},"end":{"line":15,"column":99}},"27":{"start":{"line":15,"column":86},"end":{"line":15,"column":99}},"28":{"start":{"line":15,"column":111},"end":{"line":15,"column":136}},"29":{"start":{"line":15,"column":138},"end":{"line":15,"column":322}},"30":{"start":{"line":15,"column":174},"end":{"line":15,"column":209}},"31":{"start":{"line":15,"column":211},"end":{"line":15,"column":251}},"32":{"start":{"line":15,"column":240},"end":{"line":15,"column":251}},"33":{"start":{"line":15,"column":252},"end":{"line":15,"column":320}},"34":{"start":{"line":15,"column":323},"end":{"line":15,"column":375}},"35":{"start":{"line":16,"column":30},"end":{"line":56,"column":1}},"36":{"start":{"line":57,"column":15},"end":{"line":57,"column":36}},"37":{"start":{"line":58,"column":0},"end":{"line":58,"column":27}}},"fnMap":{"0":{"name":"_interopRequireDefault","decl":{"start":{"line":10,"column":9},"end":{"line":10,"column":31}},"loc":{"start":{"line":10,"column":37},"end":{"line":10,"column":95}},"line":10},"1":{"name":"ownKeys","decl":{"start":{"line":11,"column":9},"end":{"line":11,"column":16}},"loc":{"start":{"line":11,"column":41},"end":{"line":11,"column":341}},"line":11},"2":{"name":"(anonymous_2)","decl":{"start":{"line":11,"column":207},"end":{"line":11,"column":208}},"loc":{"start":{"line":11,"column":222},"end":{"line":11,"column":289}},"line":11},"3":{"name":"_objectSpread","decl":{"start":{"line":12,"column":9},"end":{"line":12,"column":22}},"loc":{"start":{"line":12,"column":31},"end":{"line":12,"column":506}},"line":12},"4":{"name":"(anonymous_4)","decl":{"start":{"line":12,"column":177},"end":{"line":12,"column":178}},"loc":{"start":{"line":12,"column":192},"end":{"line":12,"column":238}},"line":12},"5":{"name":"(anonymous_5)","decl":{"start":{"line":12,"column":385},"end":{"line":12,"column":386}},"loc":{"start":{"line":12,"column":400},"end":{"line":12,"column":485}},"line":12},"6":{"name":"_defineProperty","decl":{"start":{"line":13,"column":9},"end":{"line":13,"column":24}},"loc":{"start":{"line":13,"column":42},"end":{"line":13,"column":236}},"line":13},"7":{"name":"_toPropertyKey","decl":{"start":{"line":14,"column":9},"end":{"line":14,"column":23}},"loc":{"start":{"line":14,"column":29},"end":{"line":14,"column":123}},"line":14},"8":{"name":"_toPrimitive","decl":{"start":{"line":15,"column":9},"end":{"line":15,"column":21}},"loc":{"start":{"line":15,"column":35},"end":{"line":15,"column":377}},"line":15}},"branchMap":{"0":{"loc":{"start":{"line":10,"column":46},"end":{"line":10,"column":92}},"type":"cond-expr","locations":[{"start":{"line":10,"column":70},"end":{"line":10,"column":73}},{"start":{"line":10,"column":76},"end":{"line":10,"column":92}}],"line":10},"1":{"loc":{"start":{"line":10,"column":46},"end":{"line":10,"column":67}},"type":"binary-expr","locations":[{"start":{"line":10,"column":46},"end":{"line":10,"column":49}},{"start":{"line":10,"column":53},"end":{"line":10,"column":67}}],"line":10},"2":{"loc":{"start":{"line":11,"column":75},"end":{"line":11,"column":326}},"type":"if","locations":[{"start":{"line":11,"column":75},"end":{"line":11,"column":326}},{"start":{"line":11,"column":75},"end":{"line":11,"column":326}}],"line":11},"3":{"loc":{"start":{"line":11,"column":163},"end":{"line":11,"column":291}},"type":"binary-expr","locations":[{"start":{"line":11,"column":163},"end":{"line":11,"column":177}},{"start":{"line":11,"column":182},"end":{"line":11,"column":290}}],"line":11},"4":{"loc":{"start":{"line":12,"column":91},"end":{"line":12,"column":131}},"type":"cond-expr","locations":[{"start":{"line":12,"column":114},"end":{"line":12,"column":126}},{"start":{"line":12,"column":129},"end":{"line":12,"column":131}}],"line":12},"5":{"loc":{"start":{"line":12,"column":133},"end":{"line":12,"column":486}},"type":"cond-expr","locations":[{"start":{"line":12,"column":141},"end":{"line":12,"column":239}},{"start":{"line":12,"column":242},"end":{"line":12,"column":486}}],"line":12},"6":{"loc":{"start":{"line":12,"column":242},"end":{"line":12,"column":486}},"type":"cond-expr","locations":[{"start":{"line":12,"column":277},"end":{"line":12,"column":350}},{"start":{"line":12,"column":353},"end":{"line":12,"column":486}}],"line":12},"7":{"loc":{"start":{"line":13,"column":71},"end":{"line":13,"column":222}},"type":"if","locations":[{"start":{"line":13,"column":71},"end":{"line":13,"column":222}},{"start":{"line":13,"column":71},"end":{"line":13,"column":222}}],"line":13},"8":{"loc":{"start":{"line":14,"column":77},"end":{"line":14,"column":120}},"type":"cond-expr","locations":[{"start":{"line":14,"column":103},"end":{"line":14,"column":106}},{"start":{"line":14,"column":109},"end":{"line":14,"column":120}}],"line":14},"9":{"loc":{"start":{"line":15,"column":37},"end":{"line":15,"column":99}},"type":"if","locations":[{"start":{"line":15,"column":37},"end":{"line":15,"column":99}},{"start":{"line":15,"column":37},"end":{"line":15,"column":99}}],"line":15},"10":{"loc":{"start":{"line":15,"column":41},"end":{"line":15,"column":84}},"type":"binary-expr","locations":[{"start":{"line":15,"column":41},"end":{"line":15,"column":66}},{"start":{"line":15,"column":70},"end":{"line":15,"column":84}}],"line":15},"11":{"loc":{"start":{"line":15,"column":138},"end":{"line":15,"column":322}},"type":"if","locations":[{"start":{"line":15,"column":138},"end":{"line":15,"column":322}},{"start":{"line":15,"column":138},"end":{"line":15,"column":322}}],"line":15},"12":{"loc":{"start":{"line":15,"column":191},"end":{"line":15,"column":208}},"type":"binary-expr","locations":[{"start":{"line":15,"column":191},"end":{"line":15,"column":195}},{"start":{"line":15,"column":199},"end":{"line":15,"column":208}}],"line":15},"13":{"loc":{"start":{"line":15,"column":211},"end":{"line":15,"column":251}},"type":"if","locations":[{"start":{"line":15,"column":211},"end":{"line":15,"column":251}},{"start":{"line":15,"column":211},"end":{"line":15,"column":251}}],"line":15},"14":{"loc":{"start":{"line":15,"column":331},"end":{"line":15,"column":366}},"type":"cond-expr","locations":[{"start":{"line":15,"column":351},"end":{"line":15,"column":357}},{"start":{"line":15,"column":360},"end":{"line":15,"column":366}}],"line":15}},"s":{"0":1,"1":1,"2":1,"3":1,"4":1,"5":3,"6":3,"7":3,"8":3,"9":3,"10":0,"11":3,"12":3,"13":3,"14":3,"15":3,"16":13,"17":0,"18":3,"19":13,"20":13,"21":0,"22":13,"23":13,"24":13,"25":13,"26":13,"27":13,"28":0,"29":0,"30":0,"31":0,"32":0,"33":0,"34":0,"35":1,"36":1,"37":1},"f":{"0":3,"1":3,"2":0,"3":3,"4":13,"5":0,"6":13,"7":13,"8":13},"b":{"0":[3,0],"1":[3,3],"2":[3,0],"3":[3,3],"4":[3,0],"5":[3,0],"6":[0,0],"7":[0,13],"8":[0,13],"9":[13,0],"10":[13,0],"11":[0,0],"12":[0,0],"13":[0,0],"14":[0,0]},"inputSourceMap":{"version":3,"names":["swaggerDocumentations","openapi","info","title","version","description","contact","name","email","servers","url","components","securitySchemes","auth_token","type","scheme","bearerFormat","in","tags","paths","blogRouteDoc","messageRoutDoc","userRouteDoc"],"sourceRoot":"/Users/andelarwanda/Desktop/My Projects/server/src/helpers/","sources":["documentations.js"],"sourcesContent":["import blogRouteDoc from \"../Routes/blog.doc\"\nimport messageRoutDoc from \"../Routes/message.doc\"\nimport userRouteDoc from \"../Routes/user.doc\"\n\nconst swaggerDocumentations ={\n    \n        openapi: \"3.0.0\",\n        info:{\n            title: \"My brand /capstone project\",\n            version:\"0.1.0\",\n            description:\"This is the backend of my brand\"\n        },\n        contact:{\n            name:\"Lucie\",\n            email:\"niyomutonilucie@gmail.com\",\n        },\n        servers:[\n            {\n                url: \"http://localhost:5000\",\n                name:\"development server\"\n            },\n            {\n                url: 'https://portifolio-yanjye.onrender.com',\n                description: 'Production server',\n              },\n        ],\n\n\n        components: {\n            securitySchemes: {\n              auth_token: {\n                type: 'apiKey',\n                scheme: 'bearer',\n                bearerFormat: 'JWT',\n                name:\"auth_token\",\n                in:\"header\"\n              },\n            },\n          },\n          \n        \n        \n        tags:[\n            {\n                name:\"Blogs\",\n                description:\"\"\n            },\n            {\n                name:\"Messages\",\n                description:\"\"\n            },\n            {\n                name:\"Users\",\n                description:\"\"\n            }\n            \n\n        ],\n        paths:{\n            ...blogRouteDoc,\n            ...messageRoutDoc,\n            ...userRouteDoc\n\n        }\n    }\n\nexport default swaggerDocumentations"],"mappings":";;;;;;AAAA;AACA;AACA;AAA6C;AAAA;AAAA;AAAA;AAAA;AAAA;AAE7C,MAAMA,qBAAqB,GAAE;EAErBC,OAAO,EAAE,OAAO;EAChBC,IAAI,EAAC;IACDC,KAAK,EAAE,4BAA4B;IACnCC,OAAO,EAAC,OAAO;IACfC,WAAW,EAAC;EAChB,CAAC;EACDC,OAAO,EAAC;IACJC,IAAI,EAAC,OAAO;IACZC,KAAK,EAAC;EACV,CAAC;EACDC,OAAO,EAAC,CACJ;IACIC,GAAG,EAAE,uBAAuB;IAC5BH,IAAI,EAAC;EACT,CAAC,EACD;IACIG,GAAG,EAAE,wCAAwC;IAC7CL,WAAW,EAAE;EACf,CAAC,CACN;EAGDM,UAAU,EAAE;IACRC,eAAe,EAAE;MACfC,UAAU,EAAE;QACVC,IAAI,EAAE,QAAQ;QACdC,MAAM,EAAE,QAAQ;QAChBC,YAAY,EAAE,KAAK;QACnBT,IAAI,EAAC,YAAY;QACjBU,EAAE,EAAC;MACL;IACF;EACF,CAAC;EAIHC,IAAI,EAAC,CACD;IACIX,IAAI,EAAC,OAAO;IACZF,WAAW,EAAC;EAChB,CAAC,EACD;IACIE,IAAI,EAAC,UAAU;IACfF,WAAW,EAAC;EAChB,CAAC,EACD;IACIE,IAAI,EAAC,OAAO;IACZF,WAAW,EAAC;EAChB,CAAC,CAGJ;EACDc,KAAK,gDACEC,aAAY,GACZC,gBAAc,GACdC,aAAY;AAGvB,CAAC;AAAA,eAEUtB,qBAAqB;AAAA"},"_coverageSchema":"1a1c01bbd47fc00a2c39e90264f33305004495a9","hash":"9364cf593eccdf51d31250ca66854cf840d70806","contentHash":"fb4bce3c8cf1d1153f38162981c357b0f8483d310b69a02b81e014ab6a398fce"},"/Users/andelarwanda/Desktop/My Projects/server/src/Routes/blog.doc.js":{"path":"/Users/andelarwanda/Desktop/My Projects/server/src/Routes/blog.doc.js","statementMap":{"0":{"start":{"line":3,"column":0},"end":{"line":5,"column":3}},"1":{"start":{"line":6,"column":0},"end":{"line":6,"column":25}},"2":{"start":{"line":8,"column":23},"end":{"line":23,"column":1}},"3":{"start":{"line":26,"column":22},"end":{"line":52,"column":1}},"4":{"start":{"line":55,"column":19},"end":{"line":99,"column":1}},"5":{"start":{"line":102,"column":19},"end":{"line":153,"column":1}},"6":{"start":{"line":156,"column":19},"end":{"line":180,"column":1}},"7":{"start":{"line":181,"column":21},"end":{"line":197,"column":1}},"8":{"start":{"line":198,"column":15},"end":{"line":198,"column":27}},"9":{"start":{"line":199,"column":0},"end":{"line":199,"column":27}}},"fnMap":{},"branchMap":{},"s":{"0":1,"1":1,"2":1,"3":1,"4":1,"5":1,"6":1,"7":1,"8":1,"9":1},"f":{},"b":{},"inputSourceMap":{"version":3,"names":["listOfAllBlogs","tags","description","responses","content","schema","type","getSingleBlog","summary","parameters","name","in","example","createBlog","security","auth_token","requestBody","properties","title","image","blogBody","status","data","updateBlog","deleteBlog","required","blogRouteDoc","get","post","put","delete"],"sourceRoot":"/Users/andelarwanda/Desktop/My Projects/server/src/Routes/","sources":["blog.doc.js"],"sourcesContent":["\n//get all blogs swagger documentation\nconst listOfAllBlogs = {\n    \n    tags:[\"Blogs\"],\n    description: \"list of all blogs\",\n    responses:{\n        200:{\n            description:\"OK\",\n            content:{\n                \"application/json\":{\n                    schema:{\n                        type:\"object\",\n                        \n\n                    },\n                },\n            },\n        },\n    },\n};\n\n//get single blog by id swagger documentation\nconst getSingleBlog ={\n    tags:[\"Blogs\"],\n    summary:\"get user by path id\",\n    description:\"get single blog by id\",\n    parameters:[\n        {\n            name: \"id\",\n            in : \"path\",\n            description: \"id of the user\" ,\n            type: \"string\",\n            example: \"hfbjsd2345njndfjhcbe3\"\n        },\n    ],\n    responses:{\n        200:{\n            description:\"OK\",\n            content:{\n                \"application/json\":{\n                    schema:{\n                        type:\"object\",\n                      \n  \n                    },\n                },\n            },\n        },\n        404:{\n            description:\"blog not found\"\n        }\n    },\n  \n  }\n  //create a blog swagger documentation \n\n\n  const createBlog = {\n    tags:['Blogs'],\n    description:\"Create a Blog post\",\n    security: [\n        {\n          auth_token: [],\n        },\n      ],\n    requestBody:{\n        content:{\n            \"multipart/form-data\":{\n                schema:{\n                    type:\"object\",\n                    properties:{\n                        title:{\n                            type:\"string\",\n                        },\n\n                        image:{\n                            type:\"file\",\n                            description:\"the image of the blog post\"\n                        },\n                        \n                        description:{\n                            type:\"string\",\n                        },\n                        blogBody:{\n                            type:\"string\",\n                        },\n                       \n                    }\n                }\n            }\n        }\n    },\n    responses:{\n        201:{\n            description:\"OK\",\n            content:{\n                \"application/json\":{\n                    type:\"object\",\n                    example:{\n                        status:\"success\",\n                        data:[]\n                    }\n                }\n            }\n        }\n    }\n}\n\n//update blog swagger documentation\nconst updateBlog= {\n    tags:['Blogs'],\n    description:\"Update a Blog \",\n    security: [\n        {\n          auth_token: [],\n        },\n      ],\n    parameters:[\n        {\n            name:\"id\",\n            in:\"path\",\n            description:\"id of the blog\",\n            type:\"string\"\n        }\n    ],\n    requestBody:{\n        content:{\n            \"multipart/form-data\":{\n                schema:{\n                    type:\"object\",\n                    properties:{\n                        title:{\n                            type:\"string\",\n                        },\n                        image:{\n                            type:\"file\",\n                            description:\"the image of the blog post\"\n                        },\n                        description:{\n                            type:\"string\",\n                        },\n                        blogBody:{\n                            type:\"string\",\n                            description:\"the body of the blog post\"\n                        }\n                       \n                    }\n                }\n            }\n        }\n    },\n    responses:{\n        201:{\n            description:\"OK\",\n            content:{\n                \"application/json\":{\n                    type:\"object\",\n                    example:{\n                        status:\"success\",\n                        data:[]\n                    }\n                }\n            }\n        }\n    }\n}\n\n//delete a blog swagger documentation \nconst deleteBlog = {\n    tags: [\"Blogs\"],\n    description: \"Delete a blog\",\n    security: [{ auth_token: [] }],\n    parameters: [\n        {\n            name: \"id\",\n            in: \"path\",\n            description: \"ID of the blog to delete\",\n            required: true,\n            type: \"string\"\n        }\n    ],\n    responses: {\n        204: {\n            description: \"No Content\"\n        },\n        401: {\n            description: \"Unauthorized\"\n        },\n        404: {\n            description: \"Not Found\"\n        }\n    }\n};\n\n\n\n\n\n\n\n\nconst blogRouteDoc ={\n    \"/api/getAllBlogs\": {\n        get:listOfAllBlogs\n    },\n    \"/api/getSingleBlog/{id}\":{\n        get:getSingleBlog\n      },\n      \"/api/create\":{\n        post:createBlog\n      },\n      \"/api/updatePost/{id}\":{\n        put:updateBlog\n      },\n      \"/api/deleteBlog/{id}\":{\n        delete:deleteBlog\n      }\n   \n};\n\nexport default blogRouteDoc;"],"mappings":";;;;;;AACA;AACA,MAAMA,cAAc,GAAG;EAEnBC,IAAI,EAAC,CAAC,OAAO,CAAC;EACdC,WAAW,EAAE,mBAAmB;EAChCC,SAAS,EAAC;IACN,GAAG,EAAC;MACAD,WAAW,EAAC,IAAI;MAChBE,OAAO,EAAC;QACJ,kBAAkB,EAAC;UACfC,MAAM,EAAC;YACHC,IAAI,EAAC;UAGT;QACJ;MACJ;IACJ;EACJ;AACJ,CAAC;;AAED;AACA,MAAMC,aAAa,GAAE;EACjBN,IAAI,EAAC,CAAC,OAAO,CAAC;EACdO,OAAO,EAAC,qBAAqB;EAC7BN,WAAW,EAAC,uBAAuB;EACnCO,UAAU,EAAC,CACP;IACIC,IAAI,EAAE,IAAI;IACVC,EAAE,EAAG,MAAM;IACXT,WAAW,EAAE,gBAAgB;IAC7BI,IAAI,EAAE,QAAQ;IACdM,OAAO,EAAE;EACb,CAAC,CACJ;EACDT,SAAS,EAAC;IACN,GAAG,EAAC;MACAD,WAAW,EAAC,IAAI;MAChBE,OAAO,EAAC;QACJ,kBAAkB,EAAC;UACfC,MAAM,EAAC;YACHC,IAAI,EAAC;UAGT;QACJ;MACJ;IACJ,CAAC;IACD,GAAG,EAAC;MACAJ,WAAW,EAAC;IAChB;EACJ;AAEF,CAAC;AACD;;AAGA,MAAMW,UAAU,GAAG;EACjBZ,IAAI,EAAC,CAAC,OAAO,CAAC;EACdC,WAAW,EAAC,oBAAoB;EAChCY,QAAQ,EAAE,CACN;IACEC,UAAU,EAAE;EACd,CAAC,CACF;EACHC,WAAW,EAAC;IACRZ,OAAO,EAAC;MACJ,qBAAqB,EAAC;QAClBC,MAAM,EAAC;UACHC,IAAI,EAAC,QAAQ;UACbW,UAAU,EAAC;YACPC,KAAK,EAAC;cACFZ,IAAI,EAAC;YACT,CAAC;YAEDa,KAAK,EAAC;cACFb,IAAI,EAAC,MAAM;cACXJ,WAAW,EAAC;YAChB,CAAC;YAEDA,WAAW,EAAC;cACRI,IAAI,EAAC;YACT,CAAC;YACDc,QAAQ,EAAC;cACLd,IAAI,EAAC;YACT;UAEJ;QACJ;MACJ;IACJ;EACJ,CAAC;EACDH,SAAS,EAAC;IACN,GAAG,EAAC;MACAD,WAAW,EAAC,IAAI;MAChBE,OAAO,EAAC;QACJ,kBAAkB,EAAC;UACfE,IAAI,EAAC,QAAQ;UACbM,OAAO,EAAC;YACJS,MAAM,EAAC,SAAS;YAChBC,IAAI,EAAC;UACT;QACJ;MACJ;IACJ;EACJ;AACJ,CAAC;;AAED;AACA,MAAMC,UAAU,GAAE;EACdtB,IAAI,EAAC,CAAC,OAAO,CAAC;EACdC,WAAW,EAAC,gBAAgB;EAC5BY,QAAQ,EAAE,CACN;IACEC,UAAU,EAAE;EACd,CAAC,CACF;EACHN,UAAU,EAAC,CACP;IACIC,IAAI,EAAC,IAAI;IACTC,EAAE,EAAC,MAAM;IACTT,WAAW,EAAC,gBAAgB;IAC5BI,IAAI,EAAC;EACT,CAAC,CACJ;EACDU,WAAW,EAAC;IACRZ,OAAO,EAAC;MACJ,qBAAqB,EAAC;QAClBC,MAAM,EAAC;UACHC,IAAI,EAAC,QAAQ;UACbW,UAAU,EAAC;YACPC,KAAK,EAAC;cACFZ,IAAI,EAAC;YACT,CAAC;YACDa,KAAK,EAAC;cACFb,IAAI,EAAC,MAAM;cACXJ,WAAW,EAAC;YAChB,CAAC;YACDA,WAAW,EAAC;cACRI,IAAI,EAAC;YACT,CAAC;YACDc,QAAQ,EAAC;cACLd,IAAI,EAAC,QAAQ;cACbJ,WAAW,EAAC;YAChB;UAEJ;QACJ;MACJ;IACJ;EACJ,CAAC;EACDC,SAAS,EAAC;IACN,GAAG,EAAC;MACAD,WAAW,EAAC,IAAI;MAChBE,OAAO,EAAC;QACJ,kBAAkB,EAAC;UACfE,IAAI,EAAC,QAAQ;UACbM,OAAO,EAAC;YACJS,MAAM,EAAC,SAAS;YAChBC,IAAI,EAAC;UACT;QACJ;MACJ;IACJ;EACJ;AACJ,CAAC;;AAED;AACA,MAAME,UAAU,GAAG;EACfvB,IAAI,EAAE,CAAC,OAAO,CAAC;EACfC,WAAW,EAAE,eAAe;EAC5BY,QAAQ,EAAE,CAAC;IAAEC,UAAU,EAAE;EAAG,CAAC,CAAC;EAC9BN,UAAU,EAAE,CACR;IACIC,IAAI,EAAE,IAAI;IACVC,EAAE,EAAE,MAAM;IACVT,WAAW,EAAE,0BAA0B;IACvCuB,QAAQ,EAAE,IAAI;IACdnB,IAAI,EAAE;EACV,CAAC,CACJ;EACDH,SAAS,EAAE;IACP,GAAG,EAAE;MACDD,WAAW,EAAE;IACjB,CAAC;IACD,GAAG,EAAE;MACDA,WAAW,EAAE;IACjB,CAAC;IACD,GAAG,EAAE;MACDA,WAAW,EAAE;IACjB;EACJ;AACJ,CAAC;AASD,MAAMwB,YAAY,GAAE;EAChB,kBAAkB,EAAE;IAChBC,GAAG,EAAC3B;EACR,CAAC;EACD,yBAAyB,EAAC;IACtB2B,GAAG,EAACpB;EACN,CAAC;EACD,aAAa,EAAC;IACZqB,IAAI,EAACf;EACP,CAAC;EACD,sBAAsB,EAAC;IACrBgB,GAAG,EAACN;EACN,CAAC;EACD,sBAAsB,EAAC;IACrBO,MAAM,EAACN;EACT;AAEN,CAAC;AAAC,eAEaE,YAAY;AAAA"},"_coverageSchema":"1a1c01bbd47fc00a2c39e90264f33305004495a9","hash":"ed5f746c0246c9e16d4cf4abc5e16b232bd571a2","contentHash":"a84857c49a68abcf69e328718ed7efb8612eb520652f0b11111304daca0792c8"},"/Users/andelarwanda/Desktop/My Projects/server/src/Routes/message.doc.js":{"path":"/Users/andelarwanda/Desktop/My Projects/server/src/Routes/message.doc.js","statementMap":{"0":{"start":{"line":3,"column":0},"end":{"line":5,"column":3}},"1":{"start":{"line":6,"column":0},"end":{"line":6,"column":25}},"2":{"start":{"line":9,"column":22},"end":{"line":55,"column":1}},"3":{"start":{"line":58,"column":26},"end":{"line":76,"column":1}},"4":{"start":{"line":79,"column":25},"end":{"line":108,"column":1}},"5":{"start":{"line":109,"column":23},"end":{"line":119,"column":1}},"6":{"start":{"line":120,"column":15},"end":{"line":120,"column":29}},"7":{"start":{"line":121,"column":0},"end":{"line":121,"column":27}}},"fnMap":{},"branchMap":{},"s":{"0":1,"1":1,"2":1,"3":1,"4":1,"5":1,"6":1,"7":1},"f":{},"b":{},"inputSourceMap":{"version":3,"names":["createMessage","tags","description","requestBody","content","schema","type","properties","fname","example","lname","email","message","responses","listOfAllMessages","security","auth_token","getSingleMessage","summary","parameters","name","in","messageRoutDoc","post","get"],"sourceRoot":"/Users/andelarwanda/Desktop/My Projects/server/src/Routes/","sources":["message.doc.js"],"sourcesContent":["//create a message swagger documentation\n\nconst createMessage = {\n    tags:[\"Messages\"],\n    description: \"create contact message\",\n    requestBody:{\n        content:{\n            \"Application/json\":{\n                schema:{\n                    type:\"object\",\n                    properties:{\n                        fname:{\n                            type:\"string\",\n                            description:\" first name of the user\",\n                            example:\"Lucie\"\n                        },\n                        lname:{\n                            type:\"string\",\n                            description:\"Last name of the user\",\n                            example:\"Lavender\",\n                        },\n                        email:{\n                            type:\"email\",\n                            description:\"email of the user\",\n                            example:\"lavender@gmail.com\"\n                        },\n                        message:{\n                            type:\"string\",\n                            description:\"the message to send\",\n                            example:\"this is amazing\",\n                        },\n                        \n                    },\n                },\n            },\n  \n        },\n    },\n  responses:{\n        200:{\n            description:\"OK\",\n            content:{\n                \"application/json\":{\n                    schema:{\n                        type:\"object\",\n  \n                    },\n                },\n            },\n        },\n    },\n  \n  \n  };\n\n  //get all user messages swagger documentation \n  const listOfAllMessages = {\n    \n    tags:[\"Messages\"],\n    description: \"list of all messages\",\n    security: [\n        {\n          auth_token: [],\n        },\n      ],\n    responses:{\n        200:{\n            description:\"OK\",\n            content:{\n                \"application/json\":{\n                    schema:{\n                        type:\"object\",\n                      \n\n                    },\n                },\n            },\n        },\n    },\n};\n\n\n//get single message swagger documentation\nconst getSingleMessage={\n    tags:[\"Messages\"],\n    summary:\"get message by path id\",\n    description:\"get single message by id\",\n    security: [\n        {\n          auth_token: [],\n        },\n      ],\n    parameters:[\n        {\n            name: \"id\",\n            in : \"path\",\n            description: \"id of the message\" ,\n            type: \"string\",\n            example: \"hfbjsd2345njndfjhcbe3\"\n        },\n    ],\n    responses:{\n        200:{\n            description:\"OK\",\n            content:{\n                \"application/json\":{\n                    schema:{\n                        type:\"object\",\n\n  \n                    },\n                },\n            },\n        },\n        404:{\n            description:\"message not found\"\n        }\n    },\n  \n  }\n\n\n\n  const messageRoutDoc = {\n    \"/api/createMessage\": {\n        post:createMessage\n    },\n    \"/api/getAllMessages\": {\n        get:listOfAllMessages\n    },\n    \"/api/getSingleMessage/{id}\":{\n        get:getSingleMessage\n      },\n\n\n  }\n\n\n  export default messageRoutDoc;"],"mappings":";;;;;;AAAA;;AAEA,MAAMA,aAAa,GAAG;EAClBC,IAAI,EAAC,CAAC,UAAU,CAAC;EACjBC,WAAW,EAAE,wBAAwB;EACrCC,WAAW,EAAC;IACRC,OAAO,EAAC;MACJ,kBAAkB,EAAC;QACfC,MAAM,EAAC;UACHC,IAAI,EAAC,QAAQ;UACbC,UAAU,EAAC;YACPC,KAAK,EAAC;cACFF,IAAI,EAAC,QAAQ;cACbJ,WAAW,EAAC,yBAAyB;cACrCO,OAAO,EAAC;YACZ,CAAC;YACDC,KAAK,EAAC;cACFJ,IAAI,EAAC,QAAQ;cACbJ,WAAW,EAAC,uBAAuB;cACnCO,OAAO,EAAC;YACZ,CAAC;YACDE,KAAK,EAAC;cACFL,IAAI,EAAC,OAAO;cACZJ,WAAW,EAAC,mBAAmB;cAC/BO,OAAO,EAAC;YACZ,CAAC;YACDG,OAAO,EAAC;cACJN,IAAI,EAAC,QAAQ;cACbJ,WAAW,EAAC,qBAAqB;cACjCO,OAAO,EAAC;YACZ;UAEJ;QACJ;MACJ;IAEJ;EACJ,CAAC;EACHI,SAAS,EAAC;IACJ,GAAG,EAAC;MACAX,WAAW,EAAC,IAAI;MAChBE,OAAO,EAAC;QACJ,kBAAkB,EAAC;UACfC,MAAM,EAAC;YACHC,IAAI,EAAC;UAET;QACJ;MACJ;IACJ;EACJ;AAGF,CAAC;;AAED;AACA,MAAMQ,iBAAiB,GAAG;EAExBb,IAAI,EAAC,CAAC,UAAU,CAAC;EACjBC,WAAW,EAAE,sBAAsB;EACnCa,QAAQ,EAAE,CACN;IACEC,UAAU,EAAE;EACd,CAAC,CACF;EACHH,SAAS,EAAC;IACN,GAAG,EAAC;MACAX,WAAW,EAAC,IAAI;MAChBE,OAAO,EAAC;QACJ,kBAAkB,EAAC;UACfC,MAAM,EAAC;YACHC,IAAI,EAAC;UAGT;QACJ;MACJ;IACJ;EACJ;AACJ,CAAC;;AAGD;AACA,MAAMW,gBAAgB,GAAC;EACnBhB,IAAI,EAAC,CAAC,UAAU,CAAC;EACjBiB,OAAO,EAAC,wBAAwB;EAChChB,WAAW,EAAC,0BAA0B;EACtCa,QAAQ,EAAE,CACN;IACEC,UAAU,EAAE;EACd,CAAC,CACF;EACHG,UAAU,EAAC,CACP;IACIC,IAAI,EAAE,IAAI;IACVC,EAAE,EAAG,MAAM;IACXnB,WAAW,EAAE,mBAAmB;IAChCI,IAAI,EAAE,QAAQ;IACdG,OAAO,EAAE;EACb,CAAC,CACJ;EACDI,SAAS,EAAC;IACN,GAAG,EAAC;MACAX,WAAW,EAAC,IAAI;MAChBE,OAAO,EAAC;QACJ,kBAAkB,EAAC;UACfC,MAAM,EAAC;YACHC,IAAI,EAAC;UAGT;QACJ;MACJ;IACJ,CAAC;IACD,GAAG,EAAC;MACAJ,WAAW,EAAC;IAChB;EACJ;AAEF,CAAC;AAID,MAAMoB,cAAc,GAAG;EACrB,oBAAoB,EAAE;IAClBC,IAAI,EAACvB;EACT,CAAC;EACD,qBAAqB,EAAE;IACnBwB,GAAG,EAACV;EACR,CAAC;EACD,4BAA4B,EAAC;IACzBU,GAAG,EAACP;EACN;AAGJ,CAAC;AAAA,eAGcK,cAAc;AAAA"},"_coverageSchema":"1a1c01bbd47fc00a2c39e90264f33305004495a9","hash":"624a303a5774fe9933bb91ff96bf57d6b4373ee3","contentHash":"949e7d187a84179fca4b3edacc2ca73f8512778a2c963f02cc432e029a90ed04"},"/Users/andelarwanda/Desktop/My Projects/server/src/Routes/user.doc.js":{"path":"/Users/andelarwanda/Desktop/My Projects/server/src/Routes/user.doc.js","statementMap":{"0":{"start":{"line":3,"column":0},"end":{"line":5,"column":3}},"1":{"start":{"line":6,"column":0},"end":{"line":6,"column":25}},"2":{"start":{"line":8,"column":21},"end":{"line":59,"column":1}},"3":{"start":{"line":61,"column":14},"end":{"line":97,"column":1}},"4":{"start":{"line":100,"column":23},"end":{"line":118,"column":1}},"5":{"start":{"line":120,"column":21},"end":{"line":138,"column":1}},"6":{"start":{"line":141,"column":19},"end":{"line":170,"column":1}},"7":{"start":{"line":171,"column":21},"end":{"line":187,"column":1}},"8":{"start":{"line":188,"column":15},"end":{"line":188,"column":27}},"9":{"start":{"line":189,"column":0},"end":{"line":189,"column":27}}},"fnMap":{},"branchMap":{},"s":{"0":1,"1":1,"2":1,"3":1,"4":1,"5":1,"6":1,"7":1,"8":1,"9":1},"f":{},"b":{},"inputSourceMap":{"version":3,"names":["registerUser","tags","description","requestBody","content","schema","type","properties","firstName","example","lastName","email","password","repeatPassword","responses","login","listOfAllUsers","security","auth_token","loggedInUser","singleUser","summary","parameters","name","in","userRouteDoc","post","get"],"sourceRoot":"/Users/andelarwanda/Desktop/My Projects/server/src/Routes/","sources":["user.doc.js"],"sourcesContent":["//register user swagger documentation \nconst registerUser = {\n    tags:[\"Users\"],\n    description: \"register user\",\n    requestBody:{\n        content:{\n            \"Application/json\":{\n                schema:{\n                    type:\"object\",\n                    properties:{\n                        firstName:{\n                            type:\"string\",\n                            description:\" first name of the user\",\n                            example:\"Lucie\"\n                        },\n                        lastName:{\n                            type:\"string\",\n                            description:\"Last name of the user\",\n                            example:\"Lavender\",\n                        },\n                        email:{\n                            type:\"email\",\n                            description:\"email of the user\",\n                            example:\"lavender@gmail.com\"\n                        },\n                        password:{\n                            type:\"string\",\n                            description:\"password of the user\",\n                            example:\"12345678\",\n                        },\n                        repeatPassword:{\n                            type:\"string\",\n                            description:\"password of the user\",\n                            example:\"12345678\",\n                        },\n                        \n                    },\n                },\n            },\n  \n        },\n    },\n  responses:{\n        200:{\n            description:\"OK\",\n            content:{\n                \"application/json\":{\n                    schema:{\n                        type:\"object\",\n  \n                    },\n                },\n            },\n        },\n    },\n  \n  \n  };\n//logging in a user swagger documentation\n  const login = {\n    tags:[\"Users\"],\n    description: \"login user\",\n    requestBody:{\n        content:{\n            \"Application/json\":{\n                schema:{\n                    type:\"object\",\n                    properties:{\n                        email:{\n                            type:\"email\",\n                            description:\"email of the user\",\n                            example:\"lavender@gmail.com\"\n                        },\n                        password:{\n                            type:\"string\",\n                            description:\"password of the user\",\n                            example:\"12345678\",\n                        },\n                        \n                    },\n                },\n            },\n  \n        },\n    },\n  responses:{\n        200:{\n            description:\"OK\",\n            content:{\n                \"application/json\":{\n                    schema:{\n                        type:\"object\",\n  \n                    },\n                },\n            },\n        },\n    },\n  \n  \n  };\n\n  //get all users swagger documetnation \n  const listOfAllUsers = {\n    \n    tags:[\"Users\"],\n    description: \"list of all users\",\n    security: [\n        {\n          auth_token: [],\n        },\n      ],\n    responses:{\n        200:{\n            description:\"OK\",\n            content:{\n                \"application/json\":{\n                    schema:{\n                        type:\"object\",\n                      \n\n                    },\n                },\n            },\n        },\n    },\n};\n//loggedin user swagger documentation\nconst loggedInUser = {\n    \n    tags:[\"Users\"],\n    description: \"logged in user\",\n    security: [\n        {\n          auth_token: [],\n        },\n      ],\n    responses:{\n        200:{\n            description:\"OK\",\n            content:{\n                \"application/json\":{\n                    schema:{\n                        type:\"object\",\n                      \n\n                    },\n                },\n            },\n        },\n    },\n};\n\n//get single userby id swagger documentation \nconst singleUser={\n    tags:[\"Users\"],\n    summary:\"get user by path id\",\n    description:\"get single user by id\",\n    security: [\n        {\n          auth_token: [],\n        },\n      ],\n    parameters:[\n        {\n            name: \"id\",\n            in : \"path\",\n            description: \"id of the user\" ,\n            type: \"string\",\n            example: \"hfbjsd2345njndfjhcbe3\"\n        },\n    ],\n    responses:{\n        200:{\n            description:\"OK\",\n            content:{\n                \"application/json\":{\n                    schema:{\n                        type:\"object\",\n  \n  \n                    },\n                },\n            },\n        },\n        404:{\n            description:\"user not found\"\n        }\n    },\n  \n  }\n  \n\n\n  const userRouteDoc = {\n    \"/api/createUser\": {\n        post:registerUser\n    },\n    \"/api/login\": {\n        post:login\n    },\n    \"/api/getAllUsers\": {\n        get:listOfAllUsers\n    },\n    \"/api/getSingleUser/{id}\":{\n        get:singleUser\n      },\n      \"/api/loggedInUser\": {\n        get:loggedInUser\n    },\n\n\n\n  }\n\n\n  export default userRouteDoc\n\n\n"],"mappings":";;;;;;AAAA;AACA,MAAMA,YAAY,GAAG;EACjBC,IAAI,EAAC,CAAC,OAAO,CAAC;EACdC,WAAW,EAAE,eAAe;EAC5BC,WAAW,EAAC;IACRC,OAAO,EAAC;MACJ,kBAAkB,EAAC;QACfC,MAAM,EAAC;UACHC,IAAI,EAAC,QAAQ;UACbC,UAAU,EAAC;YACPC,SAAS,EAAC;cACNF,IAAI,EAAC,QAAQ;cACbJ,WAAW,EAAC,yBAAyB;cACrCO,OAAO,EAAC;YACZ,CAAC;YACDC,QAAQ,EAAC;cACLJ,IAAI,EAAC,QAAQ;cACbJ,WAAW,EAAC,uBAAuB;cACnCO,OAAO,EAAC;YACZ,CAAC;YACDE,KAAK,EAAC;cACFL,IAAI,EAAC,OAAO;cACZJ,WAAW,EAAC,mBAAmB;cAC/BO,OAAO,EAAC;YACZ,CAAC;YACDG,QAAQ,EAAC;cACLN,IAAI,EAAC,QAAQ;cACbJ,WAAW,EAAC,sBAAsB;cAClCO,OAAO,EAAC;YACZ,CAAC;YACDI,cAAc,EAAC;cACXP,IAAI,EAAC,QAAQ;cACbJ,WAAW,EAAC,sBAAsB;cAClCO,OAAO,EAAC;YACZ;UAEJ;QACJ;MACJ;IAEJ;EACJ,CAAC;EACHK,SAAS,EAAC;IACJ,GAAG,EAAC;MACAZ,WAAW,EAAC,IAAI;MAChBE,OAAO,EAAC;QACJ,kBAAkB,EAAC;UACfC,MAAM,EAAC;YACHC,IAAI,EAAC;UAET;QACJ;MACJ;IACJ;EACJ;AAGF,CAAC;AACH;AACE,MAAMS,KAAK,GAAG;EACZd,IAAI,EAAC,CAAC,OAAO,CAAC;EACdC,WAAW,EAAE,YAAY;EACzBC,WAAW,EAAC;IACRC,OAAO,EAAC;MACJ,kBAAkB,EAAC;QACfC,MAAM,EAAC;UACHC,IAAI,EAAC,QAAQ;UACbC,UAAU,EAAC;YACPI,KAAK,EAAC;cACFL,IAAI,EAAC,OAAO;cACZJ,WAAW,EAAC,mBAAmB;cAC/BO,OAAO,EAAC;YACZ,CAAC;YACDG,QAAQ,EAAC;cACLN,IAAI,EAAC,QAAQ;cACbJ,WAAW,EAAC,sBAAsB;cAClCO,OAAO,EAAC;YACZ;UAEJ;QACJ;MACJ;IAEJ;EACJ,CAAC;EACHK,SAAS,EAAC;IACJ,GAAG,EAAC;MACAZ,WAAW,EAAC,IAAI;MAChBE,OAAO,EAAC;QACJ,kBAAkB,EAAC;UACfC,MAAM,EAAC;YACHC,IAAI,EAAC;UAET;QACJ;MACJ;IACJ;EACJ;AAGF,CAAC;;AAED;AACA,MAAMU,cAAc,GAAG;EAErBf,IAAI,EAAC,CAAC,OAAO,CAAC;EACdC,WAAW,EAAE,mBAAmB;EAChCe,QAAQ,EAAE,CACN;IACEC,UAAU,EAAE;EACd,CAAC,CACF;EACHJ,SAAS,EAAC;IACN,GAAG,EAAC;MACAZ,WAAW,EAAC,IAAI;MAChBE,OAAO,EAAC;QACJ,kBAAkB,EAAC;UACfC,MAAM,EAAC;YACHC,IAAI,EAAC;UAGT;QACJ;MACJ;IACJ;EACJ;AACJ,CAAC;AACD;AACA,MAAMa,YAAY,GAAG;EAEjBlB,IAAI,EAAC,CAAC,OAAO,CAAC;EACdC,WAAW,EAAE,gBAAgB;EAC7Be,QAAQ,EAAE,CACN;IACEC,UAAU,EAAE;EACd,CAAC,CACF;EACHJ,SAAS,EAAC;IACN,GAAG,EAAC;MACAZ,WAAW,EAAC,IAAI;MAChBE,OAAO,EAAC;QACJ,kBAAkB,EAAC;UACfC,MAAM,EAAC;YACHC,IAAI,EAAC;UAGT;QACJ;MACJ;IACJ;EACJ;AACJ,CAAC;;AAED;AACA,MAAMc,UAAU,GAAC;EACbnB,IAAI,EAAC,CAAC,OAAO,CAAC;EACdoB,OAAO,EAAC,qBAAqB;EAC7BnB,WAAW,EAAC,uBAAuB;EACnCe,QAAQ,EAAE,CACN;IACEC,UAAU,EAAE;EACd,CAAC,CACF;EACHI,UAAU,EAAC,CACP;IACIC,IAAI,EAAE,IAAI;IACVC,EAAE,EAAG,MAAM;IACXtB,WAAW,EAAE,gBAAgB;IAC7BI,IAAI,EAAE,QAAQ;IACdG,OAAO,EAAE;EACb,CAAC,CACJ;EACDK,SAAS,EAAC;IACN,GAAG,EAAC;MACAZ,WAAW,EAAC,IAAI;MAChBE,OAAO,EAAC;QACJ,kBAAkB,EAAC;UACfC,MAAM,EAAC;YACHC,IAAI,EAAC;UAGT;QACJ;MACJ;IACJ,CAAC;IACD,GAAG,EAAC;MACAJ,WAAW,EAAC;IAChB;EACJ;AAEF,CAAC;AAID,MAAMuB,YAAY,GAAG;EACnB,iBAAiB,EAAE;IACfC,IAAI,EAAC1B;EACT,CAAC;EACD,YAAY,EAAE;IACV0B,IAAI,EAACX;EACT,CAAC;EACD,kBAAkB,EAAE;IAChBY,GAAG,EAACX;EACR,CAAC;EACD,yBAAyB,EAAC;IACtBW,GAAG,EAACP;EACN,CAAC;EACD,mBAAmB,EAAE;IACnBO,GAAG,EAACR;EACR;AAIF,CAAC;AAAA,eAGcM,YAAY;AAAA"},"_coverageSchema":"1a1c01bbd47fc00a2c39e90264f33305004495a9","hash":"6eb843bd105a012424a97875fe2489c12d2dd320","contentHash":"8c8b840b4ac1dbc6ff82e35fefc2db662810f0e3837d1c67526e6814b80207e7"},"/Users/andelarwanda/Desktop/My Projects/server/src/Routes/messageRoute.js":{"path":"/Users/andelarwanda/Desktop/My Projects/server/src/Routes/messageRoute.js","statementMap":{"0":{"start":{"line":3,"column":0},"end":{"line":5,"column":3}},"1":{"start":{"line":6,"column":0},"end":{"line":6,"column":25}},"2":{"start":{"line":7,"column":15},"end":{"line":7,"column":57}},"3":{"start":{"line":8,"column":25},"end":{"line":8,"column":92}},"4":{"start":{"line":9,"column":19},"end":{"line":9,"column":79}},"5":{"start":{"line":10,"column":39},"end":{"line":10,"column":93}},"6":{"start":{"line":11,"column":21},"end":{"line":11,"column":46}},"7":{"start":{"line":12,"column":0},"end":{"line":12,"column":78}},"8":{"start":{"line":13,"column":0},"end":{"line":13,"column":109}},"9":{"start":{"line":14,"column":0},"end":{"line":14,"column":79}},"10":{"start":{"line":15,"column":15},"end":{"line":15,"column":27}},"11":{"start":{"line":16,"column":0},"end":{"line":16,"column":27}}},"fnMap":{"0":{"name":"_interopRequireDefault","decl":{"start":{"line":10,"column":9},"end":{"line":10,"column":31}},"loc":{"start":{"line":10,"column":37},"end":{"line":10,"column":95}},"line":10}},"branchMap":{"0":{"loc":{"start":{"line":10,"column":46},"end":{"line":10,"column":92}},"type":"cond-expr","locations":[{"start":{"line":10,"column":70},"end":{"line":10,"column":73}},{"start":{"line":10,"column":76},"end":{"line":10,"column":92}}],"line":10},"1":{"loc":{"start":{"line":10,"column":46},"end":{"line":10,"column":67}},"type":"binary-expr","locations":[{"start":{"line":10,"column":46},"end":{"line":10,"column":49}},{"start":{"line":10,"column":53},"end":{"line":10,"column":67}}],"line":10}},"s":{"0":1,"1":1,"2":1,"3":1,"4":1,"5":3,"6":1,"7":1,"8":1,"9":1,"10":1,"11":1},"f":{"0":3},"b":{"0":[2,1],"1":[3,3]},"inputSourceMap":{"version":3,"names":["messageRoute","express","Router","post","messageController","createMessage","get","verifyAdmin","getSingleMessage","getAllMessages"],"sourceRoot":"/Users/andelarwanda/Desktop/My Projects/server/src/Routes/","sources":["messageRoute.js"],"sourcesContent":["import express from \"express\";\r\nimport messageController from \"../Controllers/messageController\";\r\nimport verifyAdmin from \"../middleware/verifyAdmin\";\r\n\r\nconst messageRoute =express.Router();\r\n\r\nmessageRoute.post(\"/createMessage\",messageController.createMessage);\r\nmessageRoute.get(\"/getSingleMessage/:id\", verifyAdmin,messageController.getSingleMessage);\r\nmessageRoute.get(\"/getAllMessages\" ,messageController.getAllMessages)\r\n\r\nexport default messageRoute;"],"mappings":";;;;;;AAAA;AACA;AACA;AAAoD;AAEpD,MAAMA,YAAY,GAAEC,gBAAO,CAACC,MAAM,EAAE;AAEpCF,YAAY,CAACG,IAAI,CAAC,gBAAgB,EAACC,0BAAiB,CAACC,aAAa,CAAC;AACnEL,YAAY,CAACM,GAAG,CAAC,uBAAuB,EAAEC,oBAAW,EAACH,0BAAiB,CAACI,gBAAgB,CAAC;AACzFR,YAAY,CAACM,GAAG,CAAC,iBAAiB,EAAEF,0BAAiB,CAACK,cAAc,CAAC;AAAA,eAEtDT,YAAY;AAAA"},"_coverageSchema":"1a1c01bbd47fc00a2c39e90264f33305004495a9","hash":"c5162f1d22311ed33e81b63a31251c0d7290f17a","contentHash":"cf5604d8a8c75cb86a4c686e706d4a4626cb2e54b49f5a8274ee715890b4d141"},"/Users/andelarwanda/Desktop/My Projects/server/src/Controllers/messageController.js":{"path":"/Users/andelarwanda/Desktop/My Projects/server/src/Controllers/messageController.js","statementMap":{"0":{"start":{"line":3,"column":0},"end":{"line":5,"column":3}},"1":{"start":{"line":6,"column":0},"end":{"line":6,"column":25}},"2":{"start":{"line":7,"column":20},"end":{"line":7,"column":77}},"3":{"start":{"line":8,"column":25},"end":{"line":8,"column":92}},"4":{"start":{"line":9,"column":39},"end":{"line":9,"column":93}},"5":{"start":{"line":17,"column":8},"end":{"line":17,"column":53}},"6":{"start":{"line":18,"column":4},"end":{"line":21,"column":7}},"7":{"start":{"line":18,"column":15},"end":{"line":21,"column":7}},"8":{"start":{"line":22,"column":4},"end":{"line":40,"column":5}},"9":{"start":{"line":23,"column":22},"end":{"line":28,"column":8}},"10":{"start":{"line":29,"column":6},"end":{"line":29,"column":27}},"11":{"start":{"line":30,"column":6},"end":{"line":33,"column":9}},"12":{"start":{"line":34,"column":6},"end":{"line":34,"column":37}},"13":{"start":{"line":36,"column":6},"end":{"line":39,"column":9}},"14":{"start":{"line":45,"column":4},"end":{"line":63,"column":5}},"15":{"start":{"line":46,"column":28},"end":{"line":46,"column":79}},"16":{"start":{"line":47,"column":6},"end":{"line":53,"column":7}},"17":{"start":{"line":48,"column":8},"end":{"line":51,"column":11}},"18":{"start":{"line":52,"column":8},"end":{"line":52,"column":15}},"19":{"start":{"line":54,"column":6},"end":{"line":57,"column":9}},"20":{"start":{"line":59,"column":6},"end":{"line":62,"column":9}},"21":{"start":{"line":68,"column":4},"end":{"line":76,"column":5}},"22":{"start":{"line":69,"column":23},"end":{"line":69,"column":57}},"23":{"start":{"line":70,"column":6},"end":{"line":73,"column":9}},"24":{"start":{"line":75,"column":6},"end":{"line":75,"column":42}},"25":{"start":{"line":79,"column":15},"end":{"line":79,"column":32}},"26":{"start":{"line":80,"column":0},"end":{"line":80,"column":27}}},"fnMap":{"0":{"name":"_interopRequireDefault","decl":{"start":{"line":9,"column":9},"end":{"line":9,"column":31}},"loc":{"start":{"line":9,"column":37},"end":{"line":9,"column":95}},"line":9},"1":{"name":"(anonymous_1)","decl":{"start":{"line":12,"column":2},"end":{"line":12,"column":3}},"loc":{"start":{"line":12,"column":39},"end":{"line":41,"column":3}},"line":12},"2":{"name":"(anonymous_2)","decl":{"start":{"line":44,"column":2},"end":{"line":44,"column":3}},"loc":{"start":{"line":44,"column":42},"end":{"line":64,"column":3}},"line":44},"3":{"name":"(anonymous_3)","decl":{"start":{"line":67,"column":2},"end":{"line":67,"column":3}},"loc":{"start":{"line":67,"column":40},"end":{"line":77,"column":3}},"line":67}},"branchMap":{"0":{"loc":{"start":{"line":9,"column":46},"end":{"line":9,"column":92}},"type":"cond-expr","locations":[{"start":{"line":9,"column":70},"end":{"line":9,"column":73}},{"start":{"line":9,"column":76},"end":{"line":9,"column":92}}],"line":9},"1":{"loc":{"start":{"line":9,"column":46},"end":{"line":9,"column":67}},"type":"binary-expr","locations":[{"start":{"line":9,"column":46},"end":{"line":9,"column":49}},{"start":{"line":9,"column":53},"end":{"line":9,"column":67}}],"line":9},"2":{"loc":{"start":{"line":18,"column":4},"end":{"line":21,"column":7}},"type":"if","locations":[{"start":{"line":18,"column":4},"end":{"line":21,"column":7}},{"start":{"line":18,"column":4},"end":{"line":21,"column":7}}],"line":18},"3":{"loc":{"start":{"line":47,"column":6},"end":{"line":53,"column":7}},"type":"if","locations":[{"start":{"line":47,"column":6},"end":{"line":53,"column":7}},{"start":{"line":47,"column":6},"end":{"line":53,"column":7}}],"line":47}},"s":{"0":1,"1":1,"2":1,"3":1,"4":2,"5":1,"6":1,"7":0,"8":1,"9":1,"10":1,"11":0,"12":0,"13":1,"14":0,"15":0,"16":0,"17":0,"18":0,"19":0,"20":0,"21":1,"22":1,"23":1,"24":0,"25":1,"26":1},"f":{"0":2,"1":1,"2":0,"3":1},"b":{"0":[2,0],"1":[2,2],"2":[0,1],"3":[0,0]},"inputSourceMap":{"version":3,"names":["messageController","createMessage","req","res","error","messageValidationSchema","validate","body","status","json","details","message","Message","fname","lname","email","save","console","log","getSingleMessage","singleMessage","findById","params","id","data","getAllMessages","messages","find"],"s
[...]
:75,"column":0},"end":{"line":94,"column":3}},"72":{"start":{"line":76,"column":2},"end":{"line":93,"column":5}},"73":{"start":{"line":77,"column":18},"end":{"line":77,"column":191}},"74":{"start":{"line":78,"column":4},"end":{"line":92,"column":7}},"75":{"start":{"line":79,"column":6},"end":{"line":79,"column":32}},"76":{"start":{"line":79,"column":15},"end":{"line":79,"column":32}},"77":{"start":{"line":80,"column":6},"end":{"line":80,"column":50}},"78":{"start":{"line":81,"column":6},"end":{"line":81,"column":76}},"79":{"start":{"line":82,"column":6},"end":{"line":82,"column":63}},"80":{"start":{"line":83,"column":6},"end":{"line":83,"column":76}},"81":{"start":{"line":84,"column":6},"end":{"line":84,"column":75}},"82":{"start":{"line":85,"column":6},"end":{"line":85,"column":72}},"83":{"start":{"line":86,"column":6},"end":{"line":86,"column":75}},"84":{"start":{"line":87,"column":6},"end":{"line":87,"column":81}},"85":{"start":{"line":88,"column":6},"end":{"line":88,"column":71}},"86":{"start":{"line":89,"column":6},"end":{"line":89,"column":77}},"87":{"start":{"line":90,"column":6},"end":{"line":90,"column":78}},"88":{"start":{"line":91,"column":6},"end":{"line":91,"column":13}}},"fnMap":{"0":{"name":"_interopRequireDefault","decl":{"start":{"line":6,"column":9},"end":{"line":6,"column":31}},"loc":{"start":{"line":6,"column":37},"end":{"line":6,"column":95}},"line":6},"1":{"name":"_getRequireWildcardCache","decl":{"start":{"line":7,"column":9},"end":{"line":7,"column":33}},"loc":{"start":{"line":7,"column":47},"end":{"line":7,"column":311}},"line":7},"2":{"name":"(anonymous_2)","decl":{"start":{"line":7,"column":209},"end":{"line":7,"column":210}},"loc":{"start":{"line":7,"column":232},"end":{"line":7,"column":294}},"line":7},"3":{"name":"_interopRequireWildcard","decl":{"start":{"line":8,"column":9},"end":{"line":8,"column":32}},"loc":{"start":{"line":8,"column":51},"end":{"line":8,"column":804}},"line":8},"4":{"name":"(anonymous_4)","decl":{"start":{"line":13,"column":30},"end":{"line":13,"column":31}},"loc":{"start":{"line":13,"column":36},"end":{"line":34,"column":1}},"line":13},"5":{"name":"(anonymous_5)","decl":{"start":{"line":14,"column":31},"end":{"line":14,"column":32}},"loc":{"start":{"line":14,"column":39},"end":{"line":33,"column":3}},"line":14},"6":{"name":"(anonymous_6)","decl":{"start":{"line":21,"column":11},"end":{"line":21,"column":12}},"loc":{"start":{"line":21,"column":25},"end":{"line":32,"column":5}},"line":21},"7":{"name":"(anonymous_7)","decl":{"start":{"line":38,"column":18},"end":{"line":38,"column":19}},"loc":{"start":{"line":38,"column":24},"end":{"line":52,"column":1}},"line":38},"8":{"name":"(anonymous_8)","decl":{"start":{"line":39,"column":32},"end":{"line":39,"column":33}},"loc":{"start":{"line":39,"column":40},"end":{"line":51,"column":3}},"line":39},"9":{"name":"(anonymous_9)","decl":{"start":{"line":43,"column":11},"end":{"line":43,"column":12}},"loc":{"start":{"line":43,"column":25},"end":{"line":50,"column":5}},"line":43},"10":{"name":"(anonymous_10)","decl":{"start":{"line":55,"column":34},"end":{"line":55,"column":35}},"loc":{"start":{"line":55,"column":40},"end":{"line":72,"column":1}},"line":55},"11":{"name":"(anonymous_11)","decl":{"start":{"line":56,"column":54},"end":{"line":56,"column":55}},"loc":{"start":{"line":56,"column":62},"end":{"line":71,"column":3}},"line":56},"12":{"name":"(anonymous_12)","decl":{"start":{"line":59,"column":103},"end":{"line":59,"column":104}},"loc":{"start":{"line":59,"column":117},"end":{"line":70,"column":5}},"line":59},"13":{"name":"(anonymous_13)","decl":{"start":{"line":75,"column":26},"end":{"line":75,"column":27}},"loc":{"start":{"line":75,"column":32},"end":{"line":94,"column":1}},"line":75},"14":{"name":"(anonymous_14)","decl":{"start":{"line":76,"column":32},"end":{"line":76,"column":33}},"loc":{"start":{"line":76,"column":40},"end":{"line":93,"column":3}},"line":76},"15":{"name":"(anonymous_15)","decl":{"start":{"line":78,"column":95},"end":{"line":78,"column":96}},"loc":{"start":{"line":78,"column":109},"end":{"line":92,"column":5}},"line":78}},"branchMap":{"0":{"loc":{"start":{"line":6,"column":46},"end":{"line":6,"column":92}},"type":"cond-expr","locations":[{"start":{"line":6,"column":70},"end":{"line":6,"column":73}},{"start":{"line":6,"column":76},"end":{"line":6,"column":92}}],"line":6},"1":{"loc":{"start":{"line":6,"column":46},"end":{"line":6,"column":67}},"type":"binary-expr","locations":[{"start":{"line":6,"column":46},"end":{"line":6,"column":49}},{"start":{"line":6,"column":53},"end":{"line":6,"column":67}}],"line":6},"2":{"loc":{"start":{"line":7,"column":49},"end":{"line":7,"column":96}},"type":"if","locations":[{"start":{"line":7,"column":49},"end":{"line":7,"column":96}},{"start":{"line":7,"column":49},"end":{"line":7,"column":96}}],"line":7},"3":{"loc":{"start":{"line":7,"column":241},"end":{"line":7,"column":291}},"type":"cond-expr","locations":[{"start":{"line":7,"column":255},"end":{"line":7,"column":271}},{"start":{"line":7,"column":274},"end":{"line":7,"column":291}}],"line":7},"4":{"loc":{"start":{"line":8,"column":53},"end":{"line":8,"column":111}},"type":"if","locations":[{"start":{"line":8,"column":53},"end":{"line":8,"column":111}},{"start":{"line":8,"column":53},"end":{"line":8,"column":111}}],"line":8},"5":{"loc":{"start":{"line":8,"column":57},"end":{"line":8,"column":94}},"type":"binary-expr","locations":[{"start":{"line":8,"column":57},"end":{"line":8,"column":69}},{"start":{"line":8,"column":73},"end":{"line":8,"column":76}},{"start":{"line":8,"column":80},"end":{"line":8,"column":94}}],"line":8},"6":{"loc":{"start":{"line":8,"column":112},"end":{"line":8,"column":214}},"type":"if","locations":[{"start":{"line":8,"column":112},"end":{"line":8,"column":214}},{"start":{"line":8,"column":112},"end":{"line":8,"column":214}}],"line":8},"7":{"loc":{"start":{"line":8,"column":116},"end":{"line":8,"column":184}},"type":"binary-expr","locations":[{"start":{"line":8,"column":116},"end":{"line":8,"column":128}},{"start":{"line":8,"column":132},"end":{"line":8,"column":155}},{"start":{"line":8,"column":159},"end":{"line":8,"column":184}}],"line":8},"8":{"loc":{"start":{"line":8,"column":266},"end":{"line":8,"column":321}},"type":"if","locations":[{"start":{"line":8,"column":266},"end":{"line":8,"column":321}},{"start":{"line":8,"column":266},"end":{"line":8,"column":321}}],"line":8},"9":{"loc":{"start":{"line":8,"column":270},"end":{"line":8,"column":293}},"type":"binary-expr","locations":[{"start":{"line":8,"column":270},"end":{"line":8,"column":275}},{"start":{"line":8,"column":279},"end":{"line":8,"column":293}}],"line":8},"10":{"loc":{"start":{"line":8,"column":367},"end":{"line":8,"column":423}},"type":"binary-expr","locations":[{"start":{"line":8,"column":367},"end":{"line":8,"column":388}},{"start":{"line":8,"column":392},"end":{"line":8,"column":423}}],"line":8},"11":{"loc":{"start":{"line":8,"column":448},"end":{"line":8,"column":724}},"type":"if","locations":[{"start":{"line":8,"column":448},"end":{"line":8,"column":724}},{"start":{"line":8,"column":448},"end":{"line":8,"column":724}}],"line":8},"12":{"loc":{"start":{"line":8,"column":452},"end":{"line":8,"column":519}},"type":"binary-expr","locations":[{"start":{"line":8,"column":452},"end":{"line":8,"column":469}},{"start":{"line":8,"column":473},"end":{"line":8,"column":519}}],"line":8},"13":{"loc":{"start":{"line":8,"column":534},"end":{"line":8,"column":606}},"type":"cond-expr","locations":[{"start":{"line":8,"column":558},"end":{"line":8,"column":599}},{"start":{"line":8,"column":602},"end":{"line":8,"column":606}}],"line":8},"14":{"loc":{"start":{"line":8,"column":608},"end":{"line":8,"column":722}},"type":"if","locations":[{"start":{"line":8,"column":608},"end":{"line":8,"column":722}},{"start":{"line":8,"column":608},"end":{"line":8,"column":722}}],"line":8},"15":{"loc":{"start":{"line":8,"column":612},"end":{"line":8,"column":642}},"type":"binary-expr","locations":[{"start":{"line":8,"column":612},"end":{"line":8,"column":616}},{"start":{"line":8,"column":621},"end":{"line":8,"column":629}},{"start":{"line":8,"column":633},"end":{"line":8,"column":641}}],"line":8},"16":{"loc":{"start":{"line":8,"column":749},"end":{"line":8,"column":787}},"type":"if","locations":[{"start":{"line":8,"column":749},"end":{"line":8,"column":787}},{"start":{"line":8,"column":749},"end":{"line":8,"column":787}}],"line":8},"17":{"loc":{"start":{"line":22,"column":6},"end":{"line":22,"column":32}},"type":"if","locations":[{"start":{"line":22,"column":6},"end":{"line":22,"column":32}},{"start":{"line":22,"column":6},"end":{"line":22,"column":32}}],"line":22},"18":{"loc":{"start":{"line":44,"column":6},"end":{"line":44,"column":32}},"type":"if","locations":[{"start":{"line":44,"column":6},"end":{"line":44,"column":32}},{"start":{"line":44,"column":6},"end":{"line":44,"column":32}}],"line":44},"19":{"loc":{"start":{"line":60,"column":6},"end":{"line":60,"column":32}},"type":"if","locations":[{"start":{"line":60,"column":6},"end":{"line":60,"column":32}},{"start":{"line":60,"column":6},"end":{"line":60,"column":32}}],"line":60},"20":{"loc":{"start":{"line":79,"column":6},"end":{"line":79,"column":32}},"type":"if","locations":[{"start":{"line":79,"column":6},"end":{"line":79,"column":32}},{"start":{"line":79,"column":6},"end":{"line":79,"column":32}}],"line":79}},"s":{"0":1,"1":1,"2":1,"3":2,"4":1,"5":0,"6":1,"7":1,"8":1,"9":1,"10":1,"11":0,"12":1,"13":0,"14":1,"15":1,"16":0,"17":1,"18":1,"19":1,"20":11,"21":11,"22":11,"23":0,"24":11,"25":1,"26":1,"27":1,"28":1,"29":1,"30":1,"31":1,"32":1,"33":1,"34":1,"35":0,"36":1,"37":0,"38":0,"39":0,"40":0,"41":0,"42":0,"43":0,"44":0,"45":1,"46":1,"47":1,"48":1,"49":0,"50":1,"51":0,"52":0,"53":0,"54":0,"55":1,"56":1,"57":1,"58":1,"59":1,"60":1,"61":0,"62":1,"63":0,"64":0,"65":0,"66":0,"67":0,"68":0,"69":0,"70":0,"71":1,"72":1,"73":1,"74":1,"75":1,"76":0,"77":1,"78":1,"79":1,"80":1,"81":0,"82":0,"83":0,"84":0,"85":0,"86":0,"87":0,"88":0},"f":{"0":2,"1":1,"2":1,"3":1,"4":1,"5":1,"6":1,"7":1,"8":1,"9":1,"10":1,"11":1,"12":1,"13":1,"14":1,"15":1},"b":{"0":[1,1],"1":[2,2],"2":[0,1],"3":[0,1],"4":[0,1],"5":[1,1,1],"6":[0,1],"7":[1,1,0],"8":[0,1],"9":[1,1],"10":[1,1],"11":[11,0],"12":[11,11],"13":[11,0],"14":[0,11],"15":[11,11,11],"16":[1,0],"17":[0,1],"18":[0,1],"19":[0,1],"20":[0,1]},"inputSourceMap":{"version":3,"names":["chai","should","use","chaiHttp","describe","it","done","request","app","post","send","firstName","lastName","email","password","repeatPassword","end","err","res","expect","status","to","equal","body","have","property","eql","registeredUser","id","token","get","set","data","allUsers"],"sourceRoot":"/Users/andelarwanda/Desktop/My Projects/server/src/Test/","sources":["userTest.js"],"sourcesContent":["import chai from \"chai\";\nimport chaiHttp from \"chai-http\";\nimport app from \"..\";\nimport { expect } from \"chai\";\nchai.should()\nchai.use(chaiHttp)\n\n//user registration\ndescribe('User Registration', () => {\n    it('should register a user', (done) => {\n      chai.request(app)\n        .post('/api/createUser')\n        .send({firstName: 'angelzzdjineetead', lastName: 'casldinehzzeetead', email: 'angdelezzhlicatlinsead@gmail.com', password: '12345678',repeatPassword:'12345678'})\n        .end((err, res) => {\n            if (err) return done(err);\n\n            expect(res.status).to.equal(201);\n           \n            res.body.should.have.property('status').eql('success');\n            res.body.should.have.property('registeredUser');\n\n            res.body.registeredUser.should.have.property('firstName')\n            res.body.registeredUser.should.have.property('lastName')\n            res.body.registeredUser.should.have.property('email')\n            res.body.registeredUser.should.have.property('password')\n            res.body.registeredUser.should.have.property('repeatPassword')\n            done();\n        });\n    });\n});\n\n\n//login\n\ndescribe('Login', () => {\n    it('should be able to login', (done) => {\n      chai.request(app)\n        .post('/api/login')\n        .send({ email: 'angellicaline@gmail.com', password: '12345678'})\n        .end((err, res) => {\n            if (err) return done(err);\n\n            expect(res.status).to.equal(200);\n           \n            res.body.should.have.property('status').eql('success');\n            res.body.should.have.property('successMessage');\n            res.body.should.have.property('token');\n            \n        \n            done();\n        });\n    });\n});\n\n//get single user \ndescribe(\"get single user by id\", () => {\n    it(\"It should get a single user  by specified  id\" , (done) => {\n        const id = \"63c77535227711d17aed3415\"\n        const token = \"eyJhbGciOiJIUzI1NiIsInR5cCI6IkpXVCJ9.eyJpZCI6IjYzYzc3NTM1MjI3NzExZDE3YWVkMzQxNSIsImlhdCI6MTY3NTA1NzU5MCwiZXhwIjoxNjc1MjMwMzkwfQ.VII3UucDGlL5gBYpf-jK-A8ooGs-3KmQW80jpcM2J2E\";\n\n\n\n        chai.request(app)\n        .get(`/api/getSingleUser/${id}`)\n       .set('auth_token',`${token}`)\n        .end((err,res)=>{\n            if (err) return done(err);\n            expect(res.status).to.equal(200);\n            expect(res.body).to.have.property('status').eql('success');\n            expect(res.body).to.have.property('data');\n           expect(res.body.data).to.have.property('firstName')\n            expect(res.body.data).to.have.property('lastName');\n             expect(res.body.data).to.have.property('email');\n          expect(res.body.data).to.have.property('password');\n          expect(res.body.data).to.have.property('repeatPassword');\n         \n\n\n\n          \n            done();\n        });\n    });\n});\n\n\n//get all users\ndescribe(\"Get all users\", () => {\n    it(\"It Should get all users\", (done) => {\n      const token = \"eyJhbGciOiJIUzI1NiIsInR5cCI6IkpXVCJ9.eyJpZCI6IjYzYzc3NTM1MjI3NzExZDE3YWVkMzQxNSIsImlhdCI6MTY3NTA1NzU5MCwiZXhwIjoxNjc1MjMwMzkwfQ.VII3UucDGlL5gBYpf-jK-A8ooGs-3KmQW80jpcM2J2E\";\n\n\n\n      chai\n        .request(app)\n       .get(\"/api/getAllusers\")\n       .set('auth_token',`${token}`)\n        .end((err, res) => {\n          if (err) return done(err);\n            expect(res.status).to.equal(200);\n            expect(res.body).to.have.property('status').eql('success');\n            expect(res.body).to.have.property('allUsers');\n           expect(res.body.allUsers[0]).to.have.property('firstName')\n            expect(res.body.allUsers[0]).to.have.property('lastName');\n             expect(res.body.allUsers[0]).to.have.property('email');\n          expect(res.body.allUsers[0]).to.have.property('password');\n          expect(res.body.allUsers[0]).to.have.property('repeatPassword');\n          expect(res.body.allUsers[0]).to.have.property('role');\n          expect(res.body.allUsers[0]).to.have.property('isVerified');\n          expect(res.body.allUsers[0]).to.have.property('dateCreated');\n\n          \n          done();\n        })\n       \n    });\n  });\n"],"mappings":";;AAAA;AACA;AACA;AAAqB;AAAA;AAAA;AAErBA,aAAI,CAACC,MAAM,EAAE;AACbD,aAAI,CAACE,GAAG,CAACC,iBAAQ,CAAC;;AAElB;AACAC,QAAQ,CAAC,mBAAmB,EAAE,MAAM;EAChCC,EAAE,CAAC,wBAAwB,EAAGC,IAAI,IAAK;IACrCN,aAAI,CAACO,OAAO,CAACC,SAAG,CAAC,CACdC,IAAI,CAAC,iBAAiB,CAAC,CACvBC,IAAI,CAAC;MAACC,SAAS,EAAE,mBAAmB;MAAEC,QAAQ,EAAE,mBAAmB;MAAEC,KAAK,EAAE,kCAAkC;MAAEC,QAAQ,EAAE,UAAU;MAACC,cAAc,EAAC;IAAU,CAAC,CAAC,CAChKC,GAAG,CAAC,CAACC,GAAG,EAAEC,GAAG,KAAK;MACf,IAAID,GAAG,EAAE,OAAOX,IAAI,CAACW,GAAG,CAAC;MAEzB,IAAAE,YAAM,EAACD,GAAG,CAACE,MAAM,CAAC,CAACC,EAAE,CAACC,KAAK,CAAC,GAAG,CAAC;MAEhCJ,GAAG,CAACK,IAAI,CAACtB,MAAM,CAACuB,IAAI,CAACC,QAAQ,CAAC,QAAQ,CAAC,CAACC,GAAG,CAAC,SAAS,CAAC;MACtDR,GAAG,CAACK,IAAI,CAACtB,MAAM,CAACuB,IAAI,CAACC,QAAQ,CAAC,gBAAgB,CAAC;MAE/CP,GAAG,CAACK,IAAI,CAACI,cAAc,CAAC1B,MAAM,CAACuB,IAAI,CAACC,QAAQ,CAAC,WAAW,CAAC;MACzDP,GAAG,CAACK,IAAI,CAACI,cAAc,CAAC1B,MAAM,CAACuB,IAAI,CAACC,QAAQ,CAAC,UAAU,CAAC;MACxDP,GAAG,CAACK,IAAI,CAACI,cAAc,CAAC1B,MAAM,CAACuB,IAAI,CAACC,QAAQ,CAAC,OAAO,CAAC;MACrDP,GAAG,CAACK,IAAI,CAACI,cAAc,CAAC1B,MAAM,CAACuB,IAAI,CAACC,QAAQ,CAAC,UAAU,CAAC;MACxDP,GAAG,CAACK,IAAI,CAACI,cAAc,CAAC1B,MAAM,CAACuB,IAAI,CAACC,QAAQ,CAAC,gBAAgB,CAAC;MAC9DnB,IAAI,EAAE;IACV,CAAC,CAAC;EACN,CAAC,CAAC;AACN,CAAC,CAAC;;AAGF;;AAEAF,QAAQ,CAAC,OAAO,EAAE,MAAM;EACpBC,EAAE,CAAC,yBAAyB,EAAGC,IAAI,IAAK;IACtCN,aAAI,CAACO,OAAO,CAACC,SAAG,CAAC,CACdC,IAAI,CAAC,YAAY,CAAC,CAClBC,IAAI,CAAC;MAAEG,KAAK,EAAE,yBAAyB;MAAEC,QAAQ,EAAE;IAAU,CAAC,CAAC,CAC/DE,GAAG,CAAC,CAACC,GAAG,EAAEC,GAAG,KAAK;MACf,IAAID,GAAG,EAAE,OAAOX,IAAI,CAACW,GAAG,CAAC;MAEzB,IAAAE,YAAM,EAACD,GAAG,CAACE,MAAM,CAAC,CAACC,EAAE,CAACC,KAAK,CAAC,GAAG,CAAC;MAEhCJ,GAAG,CAACK,IAAI,CAACtB,MAAM,CAACuB,IAAI,CAACC,QAAQ,CAAC,QAAQ,CAAC,CAACC,GAAG,CAAC,SAAS,CAAC;MACtDR,GAAG,CAACK,IAAI,CAACtB,MAAM,CAACuB,IAAI,CAACC,QAAQ,CAAC,gBAAgB,CAAC;MAC/CP,GAAG,CAACK,IAAI,CAACtB,MAAM,CAACuB,IAAI,CAACC,QAAQ,CAAC,OAAO,CAAC;MAGtCnB,IAAI,EAAE;IACV,CAAC,CAAC;EACN,CAAC,CAAC;AACN,CAAC,CAAC;;AAEF;AACAF,QAAQ,CAAC,uBAAuB,EAAE,MAAM;EACpCC,EAAE,CAAC,+CAA+C,EAAIC,IAAI,IAAK;IAC3D,MAAMsB,EAAE,GAAG,0BAA0B;IACrC,MAAMC,KAAK,GAAG,6KAA6K;IAI3L7B,aAAI,CAACO,OAAO,CAACC,SAAG,CAAC,CAChBsB,GAAG,CAAE,sBAAqBF,EAAG,EAAC,CAAC,CAChCG,GAAG,CAAC,YAAY,EAAE,GAAEF,KAAM,EAAC,CAAC,CAC3Bb,GAAG,CAAC,CAACC,GAAG,EAACC,GAAG,KAAG;MACZ,IAAID,GAAG,EAAE,OAAOX,IAAI,CAACW,GAAG,CAAC;MACzB,IAAAE,YAAM,EAACD,GAAG,CAACE,MAAM,CAAC,CAACC,EAAE,CAACC,KAAK,CAAC,GAAG,CAAC;MAChC,IAAAH,YAAM,EAACD,GAAG,CAACK,IAAI,CAAC,CAACF,EAAE,CAACG,IAAI,CAACC,QAAQ,CAAC,QAAQ,CAAC,CAACC,GAAG,CAAC,SAAS,CAAC;MAC1D,IAAAP,YAAM,EAACD,GAAG,CAACK,IAAI,CAAC,CAACF,EAAE,CAACG,IAAI,CAACC,QAAQ,CAAC,MAAM,CAAC;MAC1C,IAAAN,YAAM,EAACD,GAAG,CAACK,IAAI,CAACS,IAAI,CAAC,CAACX,EAAE,CAACG,IAAI,CAACC,QAAQ,CAAC,WAAW,CAAC;MAClD,IAAAN,YAAM,EAACD,GAAG,CAACK,IAAI,CAACS,IAAI,CAAC,CAACX,EAAE,CAACG,IAAI,CAACC,QAAQ,CAAC,UAAU,CAAC;MACjD,IAAAN,YAAM,EAACD,GAAG,CAACK,IAAI,CAACS,IAAI,CAAC,CAACX,EAAE,CAACG,IAAI,CAACC,QAAQ,CAAC,OAAO,CAAC;MAClD,IAAAN,YAAM,EAACD,GAAG,CAACK,IAAI,CAACS,IAAI,CAAC,CAACX,EAAE,CAACG,IAAI,CAACC,QAAQ,CAAC,UAAU,CAAC;MAClD,IAAAN,YAAM,EAACD,GAAG,CAACK,IAAI,CAACS,IAAI,CAAC,CAACX,EAAE,CAACG,IAAI,CAACC,QAAQ,CAAC,gBAAgB,CAAC;MAMtDnB,IAAI,EAAE;IACV,CAAC,CAAC;EACN,CAAC,CAAC;AACN,CAAC,CAAC;;AAGF;AACAF,QAAQ,CAAC,eAAe,EAAE,MAAM;EAC5BC,EAAE,CAAC,yBAAyB,EAAGC,IAAI,IAAK;IACtC,MAAMuB,KAAK,GAAG,6KAA6K;IAI3L7B,aAAI,CACDO,OAAO,CAACC,SAAG,CAAC,CACbsB,GAAG,CAAC,kBAAkB,CAAC,CACvBC,GAAG,CAAC,YAAY,EAAE,GAAEF,KAAM,EAAC,CAAC,CAC3Bb,GAAG,CAAC,CAACC,GAAG,EAAEC,GAAG,KAAK;MACjB,IAAID,GAAG,EAAE,OAAOX,IAAI,CAACW,GAAG,CAAC;MACvB,IAAAE,YAAM,EAACD,GAAG,CAACE,MAAM,CAAC,CAACC,EAAE,CAACC,KAAK,CAAC,GAAG,CAAC;MAChC,IAAAH,YAAM,EAACD,GAAG,CAACK,IAAI,CAAC,CAACF,EAAE,CAACG,IAAI,CAACC,QAAQ,CAAC,QAAQ,CAAC,CAACC,GAAG,CAAC,SAAS,CAAC;MAC1D,IAAAP,YAAM,EAACD,GAAG,CAACK,IAAI,CAAC,CAACF,EAAE,CAACG,IAAI,CAACC,QAAQ,CAAC,UAAU,CAAC;MAC9C,IAAAN,YAAM,EAACD,GAAG,CAACK,IAAI,CAACU,QAAQ,CAAC,CAAC,CAAC,CAAC,CAACZ,EAAE,CAACG,IAAI,CAACC,QAAQ,CAAC,WAAW,CAAC;MACzD,IAAAN,YAAM,EAACD,GAAG,CAACK,IAAI,CAACU,QAAQ,CAAC,CAAC,CAAC,CAAC,CAACZ,EAAE,CAACG,IAAI,CAACC,QAAQ,CAAC,UAAU,CAAC;MACxD,IAAAN,YAAM,EAACD,GAAG,CAACK,IAAI,CAACU,QAAQ,CAAC,CAAC,CAAC,CAAC,CAACZ,EAAE,CAACG,IAAI,CAACC,QAAQ,CAAC,OAAO,CAAC;MACzD,IAAAN,YAAM,EAACD,GAAG,CAACK,IAAI,CAACU,QAAQ,CAAC,CAAC,CAAC,CAAC,CAACZ,EAAE,CAACG,IAAI,CAACC,QAAQ,CAAC,UAAU,CAAC;MACzD,IAAAN,YAAM,EAACD,GAAG,CAACK,IAAI,CAACU,QAAQ,CAAC,CAAC,CAAC,CAAC,CAACZ,EAAE,CAACG,IAAI,CAACC,QAAQ,CAAC,gBAAgB,CAAC;MAC/D,IAAAN,YAAM,EAACD,GAAG,CAACK,IAAI,CAACU,QAAQ,CAAC,CAAC,CAAC,CAAC,CAACZ,EAAE,CAACG,IAAI,CAACC,QAAQ,CAAC,MAAM,CAAC;MACrD,IAAAN,YAAM,EAACD,GAAG,CAACK,IAAI,CAACU,QAAQ,CAAC,CAAC,CAAC,CAAC,CAACZ,EAAE,CAACG,IAAI,CAACC,QAAQ,CAAC,YAAY,CAAC;MAC3D,IAAAN,YAAM,EAACD,GAAG,CAACK,IAAI,CAACU,QAAQ,CAAC,CAAC,CAAC,CAAC,CAACZ,EAAE,CAACG,IAAI,CAACC,QAAQ,CAAC,aAAa,CAAC;MAG5DnB,IAAI,EAAE;IACR,CAAC,CAAC;EAEN,CAAC,CAAC;AACJ,CAAC,CAAC"},"_coverageSchema":"1a1c01bbd47fc00a2c39e90264f33305004495a9","hash":"6209abad48af3a6799e0fcf91ad74856f5a8c5f3","contentHash":"8d495b63eeedb47d125fbf2df90a71a4064b275fa91ef4f6a6a2a14f7a07a899"}}